Copyright 1986-2020 Xilinx, Inc. All Rights Reserved.
--------------------------------------------------------------------------------------------------------------------------------------------------------------------------------------------------------------------
| Tool Version : Vivado v.2020.2 (win64) Build 3064766 Wed Nov 18 09:12:45 MST 2020
| Date         : Fri Apr 17 18:21:11 2026
| Host         : DESKTOP-7CFQ9ND running 64-bit major release  (build 9200)
| Command      : report_timing_summary -max_paths 10 -file demo_i2c_master_timing_summary_routed.rpt -pb demo_i2c_master_timing_summary_routed.pb -rpx demo_i2c_master_timing_summary_routed.rpx -warn_on_violation
| Design       : demo_i2c_master
| Device       : 7a35t-cpg236
| Speed File   : -1  PRODUCTION 1.23 2018-06-13
--------------------------------------------------------------------------------------------------------------------------------------------------------------------------------------------------------------------

Timing Summary Report

------------------------------------------------------------------------------------------------
| Timer Settings
| --------------
------------------------------------------------------------------------------------------------

  Enable Multi Corner Analysis               :  Yes
  Enable Pessimism Removal                   :  Yes
  Pessimism Removal Resolution               :  Nearest Common Node
  Enable Input Delay Default Clock           :  No
  Enable Preset / Clear Arcs                 :  No
  Disable Flight Delays                      :  No
  Ignore I/O Paths                           :  No
  Timing Early Launch at Borrowing Latches   :  No
  Borrow Time for Max Delay Exceptions       :  Yes
  Merge Timing Exceptions                    :  Yes

  Corner  Analyze    Analyze    
  Name    Max Paths  Min Paths  
  ------  ---------  ---------  
  Slow    Yes        Yes        
  Fast    Yes        Yes        



check_timing report

Table of Contents
-----------------
1. checking no_clock (2)
2. checking constant_clock (0)
3. checking pulse_width_clock (0)
4. checking unconstrained_internal_endpoints (4)
5. checking no_input_delay (12)
6. checking no_output_delay (14)
7. checking multiple_clock (0)
8. checking generated_clocks (0)
9. checking loops (0)
10. checking partial_input_delay (0)
11. checking partial_output_delay (0)
12. checking latch_loops (0)

1. checking no_clock (2)
------------------------
 There are 2 register/latch pins with no clock driven by root clock pin: U_FND/U_CLK_DIV/o_1khz_reg/Q (HIGH)


2. checking constant_clock (0)
------------------------------
 There are 0 register/latch pins with constant_clock.


3. checking pulse_width_clock (0)
---------------------------------
 There are 0 register/latch pins which need pulse_width check


4. checking unconstrained_internal_endpoints (4)
------------------------------------------------
 There are 4 pins that are not constrained for maximum delay. (HIGH)

 There are 0 pins that are not constrained for maximum delay due to constant clock.


5. checking no_input_delay (12)
-------------------------------
 There are 12 input ports with no input delay specified. (HIGH)

 There are 0 input ports with no input delay but user has a false path constraint.


6. checking no_output_delay (14)
--------------------------------
 There are 14 ports with no output delay specified. (HIGH)

 There are 0 ports with no output delay but user has a false path constraint

 There are 0 ports with no output delay but with a timing clock defined on it or propagating through it


7. checking multiple_clock (0)
------------------------------
 There are 0 register/latch pins with multiple clocks.


8. checking generated_clocks (0)
--------------------------------
 There are 0 generated clocks that are not connected to a clock source.


9. checking loops (0)
---------------------
 There are 0 combinational loops in the design.


10. checking partial_input_delay (0)
------------------------------------
 There are 0 input ports with partial input delay specified.


11. checking partial_output_delay (0)
-------------------------------------
 There are 0 ports with partial output delay specified.


12. checking latch_loops (0)
----------------------------
 There are 0 combinational latch loops in the design through latch input



------------------------------------------------------------------------------------------------
| Design Timing Summary
| ---------------------
------------------------------------------------------------------------------------------------

    WNS(ns)      TNS(ns)  TNS Failing Endpoints  TNS Total Endpoints      WHS(ns)      THS(ns)  THS Failing Endpoints  THS Total Endpoints     WPWS(ns)     TPWS(ns)  TPWS Failing Endpoints  TPWS Total Endpoints  
    -------      -------  ---------------------  -------------------      -------      -------  ---------------------  -------------------     --------     --------  ----------------------  --------------------  
      6.095        0.000                      0                  113        0.164        0.000                      0                  113        4.500        0.000                       0                    81  


All user specified timing constraints are met.


------------------------------------------------------------------------------------------------
| Clock Summary
| -------------
------------------------------------------------------------------------------------------------

Clock        Waveform(ns)       Period(ns)      Frequency(MHz)
-----        ------------       ----------      --------------
sys_clk_pin  {0.000 5.000}      10.000          100.000         


------------------------------------------------------------------------------------------------
| Intra Clock Table
| -----------------
------------------------------------------------------------------------------------------------

Clock             WNS(ns)      TNS(ns)  TNS Failing Endpoints  TNS Total Endpoints      WHS(ns)      THS(ns)  THS Failing Endpoints  THS Total Endpoints     WPWS(ns)     TPWS(ns)  TPWS Failing Endpoints  TPWS Total Endpoints  
-----             -------      -------  ---------------------  -------------------      -------      -------  ---------------------  -------------------     --------     --------  ----------------------  --------------------  
sys_clk_pin         6.095        0.000                      0                  113        0.164        0.000                      0                  113        4.500        0.000                       0                    81  


------------------------------------------------------------------------------------------------
| Inter Clock Table
| -----------------
------------------------------------------------------------------------------------------------

From Clock    To Clock          WNS(ns)      TNS(ns)  TNS Failing Endpoints  TNS Total Endpoints      WHS(ns)      THS(ns)  THS Failing Endpoints  THS Total Endpoints  
----------    --------          -------      -------  ---------------------  -------------------      -------      -------  ---------------------  -------------------  


------------------------------------------------------------------------------------------------
| Other Path Groups Table
| -----------------------
------------------------------------------------------------------------------------------------

Path Group    From Clock    To Clock          WNS(ns)      TNS(ns)  TNS Failing Endpoints  TNS Total Endpoints      WHS(ns)      THS(ns)  THS Failing Endpoints  THS Total Endpoints  
----------    ----------    --------          -------      -------  ---------------------  -------------------      -------      -------  ---------------------  -------------------  


------------------------------------------------------------------------------------------------
| Timing Details
| --------------
------------------------------------------------------------------------------------------------


---------------------------------------------------------------------------------------------------
From Clock:  sys_clk_pin
  To Clock:  sys_clk_pin

Setup :            0  Failing Endpoints,  Worst Slack        6.095ns,  Total Violation        0.000ns
Hold  :            0  Failing Endpoints,  Worst Slack        0.164ns,  Total Violation        0.000ns
PW    :            0  Failing Endpoints,  Worst Slack        4.500ns,  Total Violation        0.000ns
---------------------------------------------------------------------------------------------------


Max Delay Paths
--------------------------------------------------------------------------------------
Slack (MET) :             6.095ns  (required time - arrival time)
  Source:                 U_FND/U_CLK_DIV/counter_r_reg[2]/C
                            (rising edge-triggered cell FDCE clocked by sys_clk_pin  {rise@0.000ns fall@5.000ns period=10.000ns})
  Destination:            U_FND/U_CLK_DIV/counter_r_reg[14]/D
                            (rising edge-triggered cell FDCE clocked by sys_clk_pin  {rise@0.000ns fall@5.000ns period=10.000ns})
  Path Group:             sys_clk_pin
  Path Type:              Setup (Max at Slow Process Corner)
  Requirement:            10.000ns  (sys_clk_pin rise@10.000ns - sys_clk_pin rise@0.000ns)
  Data Path Delay:        3.863ns  (logic 0.828ns (21.436%)  route 3.035ns (78.564%))
  Logic Levels:           3  (LUT2=1 LUT5=1 LUT6=1)
  Clock Path Skew:        -0.036ns (DCD - SCD + CPR)
    Destination Clock Delay (DCD):    5.008ns = ( 15.008 - 10.000 ) 
    Source Clock Delay      (SCD):    5.311ns
    Clock Pessimism Removal (CPR):    0.267ns
  Clock Uncertainty:      0.035ns  ((TSJ^2 + TIJ^2)^1/2 + DJ) / 2 + PE
    Total System Jitter     (TSJ):    0.071ns
    Total Input Jitter      (TIJ):    0.000ns
    Discrete Jitter          (DJ):    0.000ns
    Phase Error              (PE):    0.000ns

    Location             Delay type                Incr(ns)  Path(ns)    Netlist Resource(s)
  -------------------------------------------------------------------    -------------------
                         (clock sys_clk_pin rise edge)
                                                      0.000     0.000 r  
    W5                                                0.000     0.000 r  clk (IN)
                         net (fo=0)                   0.000     0.000    clk
    W5                   IBUF (Prop_ibuf_I_O)         1.458     1.458 r  clk_IBUF_inst/O
                         net (fo=1, routed)           1.967     3.425    clk_IBUF
    BUFGCTRL_X0Y0        BUFG (Prop_bufg_I_O)         0.096     3.521 r  clk_IBUF_BUFG_inst/O
                         net (fo=80, routed)          1.790     5.311    U_FND/U_CLK_DIV/counter_r_reg[16]_0
    SLICE_X7Y123         FDCE                                         r  U_FND/U_CLK_DIV/counter_r_reg[2]/C
  -------------------------------------------------------------------    -------------------
    SLICE_X7Y123         FDCE (Prop_fdce_C_Q)         0.456     5.767 f  U_FND/U_CLK_DIV/counter_r_reg[2]/Q
                         net (fo=2, routed)           1.255     7.022    U_FND/U_CLK_DIV/counter_r[2]
    SLICE_X7Y125         LUT5 (Prop_lut5_I3_O)        0.124     7.146 r  U_FND/U_CLK_DIV/counter_r[16]_i_3/O
                         net (fo=1, routed)           0.668     7.815    U_FND/U_CLK_DIV/counter_r[16]_i_3_n_0
    SLICE_X7Y124         LUT6 (Prop_lut6_I4_O)        0.124     7.939 f  U_FND/U_CLK_DIV/counter_r[16]_i_2/O
                         net (fo=17, routed)          1.111     9.050    U_FND/U_CLK_DIV/o_1khz
    SLICE_X7Y126         LUT2 (Prop_lut2_I0_O)        0.124     9.174 r  U_FND/U_CLK_DIV/counter_r[14]_i_1/O
                         net (fo=1, routed)           0.000     9.174    U_FND/U_CLK_DIV/counter_r_0[14]
    SLICE_X7Y126         FDCE                                         r  U_FND/U_CLK_DIV/counter_r_reg[14]/D
  -------------------------------------------------------------------    -------------------

                         (clock sys_clk_pin rise edge)
                                                     10.000    10.000 r  
    W5                                                0.000    10.000 r  clk (IN)
                         net (fo=0)                   0.000    10.000    clk
    W5                   IBUF (Prop_ibuf_I_O)         1.388    11.388 r  clk_IBUF_inst/O
                         net (fo=1, routed)           1.862    13.250    clk_IBUF
    BUFGCTRL_X0Y0        BUFG (Prop_bufg_I_O)         0.091    13.341 r  clk_IBUF_BUFG_inst/O
                         net (fo=80, routed)          1.667    15.008    U_FND/U_CLK_DIV/counter_r_reg[16]_0
    SLICE_X7Y126         FDCE                                         r  U_FND/U_CLK_DIV/counter_r_reg[14]/C
                         clock pessimism              0.267    15.275    
                         clock uncertainty           -0.035    15.240    
    SLICE_X7Y126         FDCE (Setup_fdce_C_D)        0.029    15.269    U_FND/U_CLK_DIV/counter_r_reg[14]
  -------------------------------------------------------------------
                         required time                         15.269    
                         arrival time                          -9.174    
  -------------------------------------------------------------------
                         slack                                  6.095    

Slack (MET) :             6.115ns  (required time - arrival time)
  Source:                 U_FND/U_CLK_DIV/counter_r_reg[2]/C
                            (rising edge-triggered cell FDCE clocked by sys_clk_pin  {rise@0.000ns fall@5.000ns period=10.000ns})
  Destination:            U_FND/U_CLK_DIV/counter_r_reg[16]/D
                            (rising edge-triggered cell FDCE clocked by sys_clk_pin  {rise@0.000ns fall@5.000ns period=10.000ns})
  Path Group:             sys_clk_pin
  Path Type:              Setup (Max at Slow Process Corner)
  Requirement:            10.000ns  (sys_clk_pin rise@10.000ns - sys_clk_pin rise@0.000ns)
  Data Path Delay:        3.889ns  (logic 0.854ns (21.962%)  route 3.035ns (78.038%))
  Logic Levels:           3  (LUT2=1 LUT5=1 LUT6=1)
  Clock Path Skew:        -0.036ns (DCD - SCD + CPR)
    Destination Clock Delay (DCD):    5.008ns = ( 15.008 - 10.000 ) 
    Source Clock Delay      (SCD):    5.311ns
    Clock Pessimism Removal (CPR):    0.267ns
  Clock Uncertainty:      0.035ns  ((TSJ^2 + TIJ^2)^1/2 + DJ) / 2 + PE
    Total System Jitter     (TSJ):    0.071ns
    Total Input Jitter      (TIJ):    0.000ns
    Discrete Jitter          (DJ):    0.000ns
    Phase Error              (PE):    0.000ns

    Location             Delay type                Incr(ns)  Path(ns)    Netlist Resource(s)
  -------------------------------------------------------------------    -------------------
                         (clock sys_clk_pin rise edge)
                                                      0.000     0.000 r  
    W5                                                0.000     0.000 r  clk (IN)
                         net (fo=0)                   0.000     0.000    clk
    W5                   IBUF (Prop_ibuf_I_O)         1.458     1.458 r  clk_IBUF_inst/O
                         net (fo=1, routed)           1.967     3.425    clk_IBUF
    BUFGCTRL_X0Y0        BUFG (Prop_bufg_I_O)         0.096     3.521 r  clk_IBUF_BUFG_inst/O
                         net (fo=80, routed)          1.790     5.311    U_FND/U_CLK_DIV/counter_r_reg[16]_0
    SLICE_X7Y123         FDCE                                         r  U_FND/U_CLK_DIV/counter_r_reg[2]/C
  -------------------------------------------------------------------    -------------------
    SLICE_X7Y123         FDCE (Prop_fdce_C_Q)         0.456     5.767 f  U_FND/U_CLK_DIV/counter_r_reg[2]/Q
                         net (fo=2, routed)           1.255     7.022    U_FND/U_CLK_DIV/counter_r[2]
    SLICE_X7Y125         LUT5 (Prop_lut5_I3_O)        0.124     7.146 r  U_FND/U_CLK_DIV/counter_r[16]_i_3/O
                         net (fo=1, routed)           0.668     7.815    U_FND/U_CLK_DIV/counter_r[16]_i_3_n_0
    SLICE_X7Y124         LUT6 (Prop_lut6_I4_O)        0.124     7.939 f  U_FND/U_CLK_DIV/counter_r[16]_i_2/O
                         net (fo=17, routed)          1.111     9.050    U_FND/U_CLK_DIV/o_1khz
    SLICE_X7Y126         LUT2 (Prop_lut2_I0_O)        0.150     9.200 r  U_FND/U_CLK_DIV/counter_r[16]_i_1/O
                         net (fo=1, routed)           0.000     9.200    U_FND/U_CLK_DIV/counter_r_0[16]
    SLICE_X7Y126         FDCE                                         r  U_FND/U_CLK_DIV/counter_r_reg[16]/D
  -------------------------------------------------------------------    -------------------

                         (clock sys_clk_pin rise edge)
                                                     10.000    10.000 r  
    W5                                                0.000    10.000 r  clk (IN)
                         net (fo=0)                   0.000    10.000    clk
    W5                   IBUF (Prop_ibuf_I_O)         1.388    11.388 r  clk_IBUF_inst/O
                         net (fo=1, routed)           1.862    13.250    clk_IBUF
    BUFGCTRL_X0Y0        BUFG (Prop_bufg_I_O)         0.091    13.341 r  clk_IBUF_BUFG_inst/O
                         net (fo=80, routed)          1.667    15.008    U_FND/U_CLK_DIV/counter_r_reg[16]_0
    SLICE_X7Y126         FDCE                                         r  U_FND/U_CLK_DIV/counter_r_reg[16]/C
                         clock pessimism              0.267    15.275    
                         clock uncertainty           -0.035    15.240    
    SLICE_X7Y126         FDCE (Setup_fdce_C_D)        0.075    15.315    U_FND/U_CLK_DIV/counter_r_reg[16]
  -------------------------------------------------------------------
                         required time                         15.315    
                         arrival time                          -9.200    
  -------------------------------------------------------------------
                         slack                                  6.115    

Slack (MET) :             6.244ns  (required time - arrival time)
  Source:                 U_FND/U_CLK_DIV/counter_r_reg[2]/C
                            (rising edge-triggered cell FDCE clocked by sys_clk_pin  {rise@0.000ns fall@5.000ns period=10.000ns})
  Destination:            U_FND/U_CLK_DIV/o_1khz_reg/D
                            (rising edge-triggered cell FDCE clocked by sys_clk_pin  {rise@0.000ns fall@5.000ns period=10.000ns})
  Path Group:             sys_clk_pin
  Path Type:              Setup (Max at Slow Process Corner)
  Requirement:            10.000ns  (sys_clk_pin rise@10.000ns - sys_clk_pin rise@0.000ns)
  Data Path Delay:        3.624ns  (logic 0.704ns (19.428%)  route 2.920ns (80.572%))
  Logic Levels:           2  (LUT5=1 LUT6=1)
  Clock Path Skew:        -0.038ns (DCD - SCD + CPR)
    Destination Clock Delay (DCD):    5.006ns = ( 15.006 - 10.000 ) 
    Source Clock Delay      (SCD):    5.311ns
    Clock Pessimism Removal (CPR):    0.267ns
  Clock Uncertainty:      0.035ns  ((TSJ^2 + TIJ^2)^1/2 + DJ) / 2 + PE
    Total System Jitter     (TSJ):    0.071ns
    Total Input Jitter      (TIJ):    0.000ns
    Discrete Jitter          (DJ):    0.000ns
    Phase Error              (PE):    0.000ns

    Location             Delay type                Incr(ns)  Path(ns)    Netlist Resource(s)
  -------------------------------------------------------------------    -------------------
                         (clock sys_clk_pin rise edge)
                                                      0.000     0.000 r  
    W5                                                0.000     0.000 r  clk (IN)
                         net (fo=0)                   0.000     0.000    clk
    W5                   IBUF (Prop_ibuf_I_O)         1.458     1.458 r  clk_IBUF_inst/O
                         net (fo=1, routed)           1.967     3.425    clk_IBUF
    BUFGCTRL_X0Y0        BUFG (Prop_bufg_I_O)         0.096     3.521 r  clk_IBUF_BUFG_inst/O
                         net (fo=80, routed)          1.790     5.311    U_FND/U_CLK_DIV/counter_r_reg[16]_0
    SLICE_X7Y123         FDCE                                         r  U_FND/U_CLK_DIV/counter_r_reg[2]/C
  -------------------------------------------------------------------    -------------------
    SLICE_X7Y123         FDCE (Prop_fdce_C_Q)         0.456     5.767 r  U_FND/U_CLK_DIV/counter_r_reg[2]/Q
                         net (fo=2, routed)           1.255     7.022    U_FND/U_CLK_DIV/counter_r[2]
    SLICE_X7Y125         LUT5 (Prop_lut5_I3_O)        0.124     7.146 f  U_FND/U_CLK_DIV/counter_r[16]_i_3/O
                         net (fo=1, routed)           0.668     7.815    U_FND/U_CLK_DIV/counter_r[16]_i_3_n_0
    SLICE_X7Y124         LUT6 (Prop_lut6_I4_O)        0.124     7.939 r  U_FND/U_CLK_DIV/counter_r[16]_i_2/O
                         net (fo=17, routed)          0.996     8.935    U_FND/U_CLK_DIV/o_1khz
    SLICE_X6Y125         FDCE                                         r  U_FND/U_CLK_DIV/o_1khz_reg/D
  -------------------------------------------------------------------    -------------------

                         (clock sys_clk_pin rise edge)
                                                     10.000    10.000 r  
    W5                                                0.000    10.000 r  clk (IN)
                         net (fo=0)                   0.000    10.000    clk
    W5                   IBUF (Prop_ibuf_I_O)         1.388    11.388 r  clk_IBUF_inst/O
                         net (fo=1, routed)           1.862    13.250    clk_IBUF
    BUFGCTRL_X0Y0        BUFG (Prop_bufg_I_O)         0.091    13.341 r  clk_IBUF_BUFG_inst/O
                         net (fo=80, routed)          1.665    15.006    U_FND/U_CLK_DIV/counter_r_reg[16]_0
    SLICE_X6Y125         FDCE                                         r  U_FND/U_CLK_DIV/o_1khz_reg/C
                         clock pessimism              0.267    15.273    
                         clock uncertainty           -0.035    15.238    
    SLICE_X6Y125         FDCE (Setup_fdce_C_D)       -0.059    15.179    U_FND/U_CLK_DIV/o_1khz_reg
  -------------------------------------------------------------------
                         required time                         15.179    
                         arrival time                          -8.935    
  -------------------------------------------------------------------
                         slack                                  6.244    

Slack (MET) :             6.285ns  (required time - arrival time)
  Source:                 U_MASTER/u_i2c_master/is_read_reg/C
                            (rising edge-triggered cell FDCE clocked by sys_clk_pin  {rise@0.000ns fall@5.000ns period=10.000ns})
  Destination:            U_MASTER/u_i2c_master/rx_data_reg[3]/CE
                            (rising edge-triggered cell FDRE clocked by sys_clk_pin  {rise@0.000ns fall@5.000ns period=10.000ns})
  Path Group:             sys_clk_pin
  Path Type:              Setup (Max at Slow Process Corner)
  Requirement:            10.000ns  (sys_clk_pin rise@10.000ns - sys_clk_pin rise@0.000ns)
  Data Path Delay:        3.476ns  (logic 1.018ns (29.284%)  route 2.458ns (70.716%))
  Logic Levels:           2  (LUT4=1 LUT5=1)
  Clock Path Skew:        -0.034ns (DCD - SCD + CPR)
    Destination Clock Delay (DCD):    5.009ns = ( 15.009 - 10.000 ) 
    Source Clock Delay      (SCD):    5.310ns
    Clock Pessimism Removal (CPR):    0.267ns
  Clock Uncertainty:      0.035ns  ((TSJ^2 + TIJ^2)^1/2 + DJ) / 2 + PE
    Total System Jitter     (TSJ):    0.071ns
    Total Input Jitter      (TIJ):    0.000ns
    Discrete Jitter          (DJ):    0.000ns
    Phase Error              (PE):    0.000ns

    Location             Delay type                Incr(ns)  Path(ns)    Netlist Resource(s)
  -------------------------------------------------------------------    -------------------
                         (clock sys_clk_pin rise edge)
                                                      0.000     0.000 r  
    W5                                                0.000     0.000 r  clk (IN)
                         net (fo=0)                   0.000     0.000    clk
    W5                   IBUF (Prop_ibuf_I_O)         1.458     1.458 r  clk_IBUF_inst/O
                         net (fo=1, routed)           1.967     3.425    clk_IBUF
    BUFGCTRL_X0Y0        BUFG (Prop_bufg_I_O)         0.096     3.521 r  clk_IBUF_BUFG_inst/O
                         net (fo=80, routed)          1.789     5.310    U_MASTER/u_i2c_master/CLK
    SLICE_X2Y124         FDCE                                         r  U_MASTER/u_i2c_master/is_read_reg/C
  -------------------------------------------------------------------    -------------------
    SLICE_X2Y124         FDCE (Prop_fdce_C_Q)         0.518     5.828 r  U_MASTER/u_i2c_master/is_read_reg/Q
                         net (fo=4, routed)           1.255     7.084    U_MASTER/u_i2c_master/is_read_reg_n_0
    SLICE_X2Y126         LUT4 (Prop_lut4_I2_O)        0.152     7.236 r  U_MASTER/u_i2c_master/rx_shift_reg[7]_i_3/O
                         net (fo=2, routed)           0.325     7.561    U_MASTER/u_i2c_master/rx_shift_reg[7]_i_3_n_0
    SLICE_X2Y127         LUT5 (Prop_lut5_I0_O)        0.348     7.909 r  U_MASTER/u_i2c_master/rx_data[7]_i_1/O
                         net (fo=8, routed)           0.878     8.787    U_MASTER/u_i2c_master/rx_data[7]_i_1_n_0
    SLICE_X6Y127         FDRE                                         r  U_MASTER/u_i2c_master/rx_data_reg[3]/CE
  -------------------------------------------------------------------    -------------------

                         (clock sys_clk_pin rise edge)
                                                     10.000    10.000 r  
    W5                                                0.000    10.000 r  clk (IN)
                         net (fo=0)                   0.000    10.000    clk
    W5                   IBUF (Prop_ibuf_I_O)         1.388    11.388 r  clk_IBUF_inst/O
                         net (fo=1, routed)           1.862    13.250    clk_IBUF
    BUFGCTRL_X0Y0        BUFG (Prop_bufg_I_O)         0.091    13.341 r  clk_IBUF_BUFG_inst/O
                         net (fo=80, routed)          1.668    15.009    U_MASTER/u_i2c_master/CLK
    SLICE_X6Y127         FDRE                                         r  U_MASTER/u_i2c_master/rx_data_reg[3]/C
                         clock pessimism              0.267    15.276    
                         clock uncertainty           -0.035    15.241    
    SLICE_X6Y127         FDRE (Setup_fdre_C_CE)      -0.169    15.072    U_MASTER/u_i2c_master/rx_data_reg[3]
  -------------------------------------------------------------------
                         required time                         15.072    
                         arrival time                          -8.787    
  -------------------------------------------------------------------
                         slack                                  6.285    

Slack (MET) :             6.285ns  (required time - arrival time)
  Source:                 U_MASTER/u_i2c_master/is_read_reg/C
                            (rising edge-triggered cell FDCE clocked by sys_clk_pin  {rise@0.000ns fall@5.000ns period=10.000ns})
  Destination:            U_MASTER/u_i2c_master/rx_data_reg[4]/CE
                            (rising edge-triggered cell FDRE clocked by sys_clk_pin  {rise@0.000ns fall@5.000ns period=10.000ns})
  Path Group:             sys_clk_pin
  Path Type:              Setup (Max at Slow Process Corner)
  Requirement:            10.000ns  (sys_clk_pin rise@10.000ns - sys_clk_pin rise@0.000ns)
  Data Path Delay:        3.476ns  (logic 1.018ns (29.284%)  route 2.458ns (70.716%))
  Logic Levels:           2  (LUT4=1 LUT5=1)
  Clock Path Skew:        -0.034ns (DCD - SCD + CPR)
    Destination Clock Delay (DCD):    5.009ns = ( 15.009 - 10.000 ) 
    Source Clock Delay      (SCD):    5.310ns
    Clock Pessimism Removal (CPR):    0.267ns
  Clock Uncertainty:      0.035ns  ((TSJ^2 + TIJ^2)^1/2 + DJ) / 2 + PE
    Total System Jitter     (TSJ):    0.071ns
    Total Input Jitter      (TIJ):    0.000ns
    Discrete Jitter          (DJ):    0.000ns
    Phase Error              (PE):    0.000ns

    Location             Delay type                Incr(ns)  Path(ns)    Netlist Resource(s)
  -------------------------------------------------------------------    -------------------
                         (clock sys_clk_pin rise edge)
                                                      0.000     0.000 r  
    W5                                                0.000     0.000 r  clk (IN)
                         net (fo=0)                   0.000     0.000    clk
    W5                   IBUF (Prop_ibuf_I_O)         1.458     1.458 r  clk_IBUF_inst/O
                         net (fo=1, routed)           1.967     3.425    clk_IBUF
    BUFGCTRL_X0Y0        BUFG (Prop_bufg_I_O)         0.096     3.521 r  clk_IBUF_BUFG_inst/O
                         net (fo=80, routed)          1.789     5.310    U_MASTER/u_i2c_master/CLK
    SLICE_X2Y124         FDCE                                         r  U_MASTER/u_i2c_master/is_read_reg/C
  -------------------------------------------------------------------    -------------------
    SLICE_X2Y124         FDCE (Prop_fdce_C_Q)         0.518     5.828 r  U_MASTER/u_i2c_master/is_read_reg/Q
                         net (fo=4, routed)           1.255     7.084    U_MASTER/u_i2c_master/is_read_reg_n_0
    SLICE_X2Y126         LUT4 (Prop_lut4_I2_O)        0.152     7.236 r  U_MASTER/u_i2c_master/rx_shift_reg[7]_i_3/O
                         net (fo=2, routed)           0.325     7.561    U_MASTER/u_i2c_master/rx_shift_reg[7]_i_3_n_0
    SLICE_X2Y127         LUT5 (Prop_lut5_I0_O)        0.348     7.909 r  U_MASTER/u_i2c_master/rx_data[7]_i_1/O
                         net (fo=8, routed)           0.878     8.787    U_MASTER/u_i2c_master/rx_data[7]_i_1_n_0
    SLICE_X6Y127         FDRE                                         r  U_MASTER/u_i2c_master/rx_data_reg[4]/CE
  -------------------------------------------------------------------    -------------------

                         (clock sys_clk_pin rise edge)
                                                     10.000    10.000 r  
    W5                                                0.000    10.000 r  clk (IN)
                         net (fo=0)                   0.000    10.000    clk
    W5                   IBUF (Prop_ibuf_I_O)         1.388    11.388 r  clk_IBUF_inst/O
                         net (fo=1, routed)           1.862    13.250    clk_IBUF
    BUFGCTRL_X0Y0        BUFG (Prop_bufg_I_O)         0.091    13.341 r  clk_IBUF_BUFG_inst/O
                         net (fo=80, routed)          1.668    15.009    U_MASTER/u_i2c_master/CLK
    SLICE_X6Y127         FDRE                                         r  U_MASTER/u_i2c_master/rx_data_reg[4]/C
                         clock pessimism              0.267    15.276    
                         clock uncertainty           -0.035    15.241    
    SLICE_X6Y127         FDRE (Setup_fdre_C_CE)      -0.169    15.072    U_MASTER/u_i2c_master/rx_data_reg[4]
  -------------------------------------------------------------------
                         required time                         15.072    
                         arrival time                          -8.787    
  -------------------------------------------------------------------
                         slack                                  6.285    

Slack (MET) :             6.285ns  (required time - arrival time)
  Source:                 U_MASTER/u_i2c_master/is_read_reg/C
                            (rising edge-triggered cell FDCE clocked by sys_clk_pin  {rise@0.000ns fall@5.000ns period=10.000ns})
  Destination:            U_MASTER/u_i2c_master/rx_data_reg[5]/CE
                            (rising edge-triggered cell FDRE clocked by sys_clk_pin  {rise@0.000ns fall@5.000ns period=10.000ns})
  Path Group:             sys_clk_pin
  Path Type:              Setup (Max at Slow Process Corner)
  Requirement:            10.000ns  (sys_clk_pin rise@10.000ns - sys_clk_pin rise@0.000ns)
  Data Path Delay:        3.476ns  (logic 1.018ns (29.284%)  route 2.458ns (70.716%))
  Logic Levels:           2  (LUT4=1 LUT5=1)
  Clock Path Skew:        -0.034ns (DCD - SCD + CPR)
    Destination Clock Delay (DCD):    5.009ns = ( 15.009 - 10.000 ) 
    Source Clock Delay      (SCD):    5.310ns
    Clock Pessimism Removal (CPR):    0.267ns
  Clock Uncertainty:      0.035ns  ((TSJ^2 + TIJ^2)^1/2 + DJ) / 2 + PE
    Total System Jitter     (TSJ):    0.071ns
    Total Input Jitter      (TIJ):    0.000ns
    Discrete Jitter          (DJ):    0.000ns
    Phase Error              (PE):    0.000ns

    Location             Delay type                Incr(ns)  Path(ns)    Netlist Resource(s)
  -------------------------------------------------------------------    -------------------
                         (clock sys_clk_pin rise edge)
                                                      0.000     0.000 r  
    W5                                                0.000     0.000 r  clk (IN)
                         net (fo=0)                   0.000     0.000    clk
    W5                   IBUF (Prop_ibuf_I_O)         1.458     1.458 r  clk_IBUF_inst/O
                         net (fo=1, routed)           1.967     3.425    clk_IBUF
    BUFGCTRL_X0Y0        BUFG (Prop_bufg_I_O)         0.096     3.521 r  clk_IBUF_BUFG_inst/O
                         net (fo=80, routed)          1.789     5.310    U_MASTER/u_i2c_master/CLK
    SLICE_X2Y124         FDCE                                         r  U_MASTER/u_i2c_master/is_read_reg/C
  -------------------------------------------------------------------    -------------------
    SLICE_X2Y124         FDCE (Prop_fdce_C_Q)         0.518     5.828 r  U_MASTER/u_i2c_master/is_read_reg/Q
                         net (fo=4, routed)           1.255     7.084    U_MASTER/u_i2c_master/is_read_reg_n_0
    SLICE_X2Y126         LUT4 (Prop_lut4_I2_O)        0.152     7.236 r  U_MASTER/u_i2c_master/rx_shift_reg[7]_i_3/O
                         net (fo=2, routed)           0.325     7.561    U_MASTER/u_i2c_master/rx_shift_reg[7]_i_3_n_0
    SLICE_X2Y127         LUT5 (Prop_lut5_I0_O)        0.348     7.909 r  U_MASTER/u_i2c_master/rx_data[7]_i_1/O
                         net (fo=8, routed)           0.878     8.787    U_MASTER/u_i2c_master/rx_data[7]_i_1_n_0
    SLICE_X6Y127         FDRE                                         r  U_MASTER/u_i2c_master/rx_data_reg[5]/CE
  -------------------------------------------------------------------    -------------------

                         (clock sys_clk_pin rise edge)
                                                     10.000    10.000 r  
    W5                                                0.000    10.000 r  clk (IN)
                         net (fo=0)                   0.000    10.000    clk
    W5                   IBUF (Prop_ibuf_I_O)         1.388    11.388 r  clk_IBUF_inst/O
                         net (fo=1, routed)           1.862    13.250    clk_IBUF
    BUFGCTRL_X0Y0        BUFG (Prop_bufg_I_O)         0.091    13.341 r  clk_IBUF_BUFG_inst/O
                         net (fo=80, routed)          1.668    15.009    U_MASTER/u_i2c_master/CLK
    SLICE_X6Y127         FDRE                                         r  U_MASTER/u_i2c_master/rx_data_reg[5]/C
                         clock pessimism              0.267    15.276    
                         clock uncertainty           -0.035    15.241    
    SLICE_X6Y127         FDRE (Setup_fdre_C_CE)      -0.169    15.072    U_MASTER/u_i2c_master/rx_data_reg[5]
  -------------------------------------------------------------------
                         required time                         15.072    
                         arrival time                          -8.787    
  -------------------------------------------------------------------
                         slack                                  6.285    

Slack (MET) :             6.285ns  (required time - arrival time)
  Source:                 U_MASTER/u_i2c_master/is_read_reg/C
                            (rising edge-triggered cell FDCE clocked by sys_clk_pin  {rise@0.000ns fall@5.000ns period=10.000ns})
  Destination:            U_MASTER/u_i2c_master/rx_data_reg[6]/CE
                            (rising edge-triggered cell FDRE clocked by sys_clk_pin  {rise@0.000ns fall@5.000ns period=10.000ns})
  Path Group:             sys_clk_pin
  Path Type:              Setup (Max at Slow Process Corner)
  Requirement:            10.000ns  (sys_clk_pin rise@10.000ns - sys_clk_pin rise@0.000ns)
  Data Path Delay:        3.476ns  (logic 1.018ns (29.284%)  route 2.458ns (70.716%))
  Logic Levels:           2  (LUT4=1 LUT5=1)
  Clock Path Skew:        -0.034ns (DCD - SCD + CPR)
    Destination Clock Delay (DCD):    5.009ns = ( 15.009 - 10.000 ) 
    Source Clock Delay      (SCD):    5.310ns
    Clock Pessimism Removal (CPR):    0.267ns
  Clock Uncertainty:      0.035ns  ((TSJ^2 + TIJ^2)^1/2 + DJ) / 2 + PE
    Total System Jitter     (TSJ):    0.071ns
    Total Input Jitter      (TIJ):    0.000ns
    Discrete Jitter          (DJ):    0.000ns
    Phase Error              (PE):    0.000ns

    Location             Delay type                Incr(ns)  Path(ns)    Netlist Resource(s)
  -------------------------------------------------------------------    -------------------
                         (clock sys_clk_pin rise edge)
                                                      0.000     0.000 r  
    W5                                                0.000     0.000 r  clk (IN)
                         net (fo=0)                   0.000     0.000    clk
    W5                   IBUF (Prop_ibuf_I_O)         1.458     1.458 r  clk_IBUF_inst/O
                         net (fo=1, routed)           1.967     3.425    clk_IBUF
    BUFGCTRL_X0Y0        BUFG (Prop_bufg_I_O)         0.096     3.521 r  clk_IBUF_BUFG_inst/O
                         net (fo=80, routed)          1.789     5.310    U_MASTER/u_i2c_master/CLK
    SLICE_X2Y124         FDCE                                         r  U_MASTER/u_i2c_master/is_read_reg/C
  -------------------------------------------------------------------    -------------------
    SLICE_X2Y124         FDCE (Prop_fdce_C_Q)         0.518     5.828 r  U_MASTER/u_i2c_master/is_read_reg/Q
                         net (fo=4, routed)           1.255     7.084    U_MASTER/u_i2c_master/is_read_reg_n_0
    SLICE_X2Y126         LUT4 (Prop_lut4_I2_O)        0.152     7.236 r  U_MASTER/u_i2c_master/rx_shift_reg[7]_i_3/O
                         net (fo=2, routed)           0.325     7.561    U_MASTER/u_i2c_master/rx_shift_reg[7]_i_3_n_0
    SLICE_X2Y127         LUT5 (Prop_lut5_I0_O)        0.348     7.909 r  U_MASTER/u_i2c_master/rx_data[7]_i_1/O
                         net (fo=8, routed)           0.878     8.787    U_MASTER/u_i2c_master/rx_data[7]_i_1_n_0
    SLICE_X6Y127         FDRE                                         r  U_MASTER/u_i2c_master/rx_data_reg[6]/CE
  -------------------------------------------------------------------    -------------------

                         (clock sys_clk_pin rise edge)
                                                     10.000    10.000 r  
    W5                                                0.000    10.000 r  clk (IN)
                         net (fo=0)                   0.000    10.000    clk
    W5                   IBUF (Prop_ibuf_I_O)         1.388    11.388 r  clk_IBUF_inst/O
                         net (fo=1, routed)           1.862    13.250    clk_IBUF
    BUFGCTRL_X0Y0        BUFG (Prop_bufg_I_O)         0.091    13.341 r  clk_IBUF_BUFG_inst/O
                         net (fo=80, routed)          1.668    15.009    U_MASTER/u_i2c_master/CLK
    SLICE_X6Y127         FDRE                                         r  U_MASTER/u_i2c_master/rx_data_reg[6]/C
                         clock pessimism              0.267    15.276    
                         clock uncertainty           -0.035    15.241    
    SLICE_X6Y127         FDRE (Setup_fdre_C_CE)      -0.169    15.072    U_MASTER/u_i2c_master/rx_data_reg[6]
  -------------------------------------------------------------------
                         required time                         15.072    
                         arrival time                          -8.787    
  -------------------------------------------------------------------
                         slack                                  6.285    

Slack (MET) :             6.289ns  (required time - arrival time)
  Source:                 U_MASTER/u_i2c_master/FSM_sequential_state_reg[1]/C
                            (rising edge-triggered cell FDCE clocked by sys_clk_pin  {rise@0.000ns fall@5.000ns period=10.000ns})
  Destination:            U_MASTER/u_i2c_master/FSM_sequential_state_reg[2]/D
                            (rising edge-triggered cell FDCE clocked by sys_clk_pin  {rise@0.000ns fall@5.000ns period=10.000ns})
  Path Group:             sys_clk_pin
  Path Type:              Setup (Max at Slow Process Corner)
  Requirement:            10.000ns  (sys_clk_pin rise@10.000ns - sys_clk_pin rise@0.000ns)
  Data Path Delay:        3.730ns  (logic 1.242ns (33.301%)  route 2.488ns (66.699%))
  Logic Levels:           4  (LUT5=1 LUT6=3)
  Clock Path Skew:        -0.023ns (DCD - SCD + CPR)
    Destination Clock Delay (DCD):    5.009ns = ( 15.009 - 10.000 ) 
    Source Clock Delay      (SCD):    5.313ns
    Clock Pessimism Removal (CPR):    0.281ns
  Clock Uncertainty:      0.035ns  ((TSJ^2 + TIJ^2)^1/2 + DJ) / 2 + PE
    Total System Jitter     (TSJ):    0.071ns
    Total Input Jitter      (TIJ):    0.000ns
    Discrete Jitter          (DJ):    0.000ns
    Phase Error              (PE):    0.000ns

    Location             Delay type                Incr(ns)  Path(ns)    Netlist Resource(s)
  -------------------------------------------------------------------    -------------------
                         (clock sys_clk_pin rise edge)
                                                      0.000     0.000 r  
    W5                                                0.000     0.000 r  clk (IN)
                         net (fo=0)                   0.000     0.000    clk
    W5                   IBUF (Prop_ibuf_I_O)         1.458     1.458 r  clk_IBUF_inst/O
                         net (fo=1, routed)           1.967     3.425    clk_IBUF
    BUFGCTRL_X0Y0        BUFG (Prop_bufg_I_O)         0.096     3.521 r  clk_IBUF_BUFG_inst/O
                         net (fo=80, routed)          1.792     5.313    U_MASTER/u_i2c_master/CLK
    SLICE_X2Y127         FDCE                                         r  U_MASTER/u_i2c_master/FSM_sequential_state_reg[1]/C
  -------------------------------------------------------------------    -------------------
    SLICE_X2Y127         FDCE (Prop_fdce_C_Q)         0.518     5.831 r  U_MASTER/u_i2c_master/FSM_sequential_state_reg[1]/Q
                         net (fo=19, routed)          1.095     6.926    U_MASTER/u_i2c_master/state__0[1]
    SLICE_X3Y125         LUT5 (Prop_lut5_I4_O)        0.150     7.076 r  U_MASTER/u_i2c_master/bit_cnt[2]_i_3/O
                         net (fo=2, routed)           0.503     7.579    U_MASTER/u_i2c_master/is_read
    SLICE_X2Y126         LUT6 (Prop_lut6_I5_O)        0.326     7.905 r  U_MASTER/u_i2c_master/FSM_sequential_state[2]_i_4/O
                         net (fo=1, routed)           0.571     8.476    U_MASTER/u_i2c_master/FSM_sequential_state[2]_i_4_n_0
    SLICE_X3Y125         LUT6 (Prop_lut6_I5_O)        0.124     8.600 r  U_MASTER/u_i2c_master/FSM_sequential_state[2]_i_3/O
                         net (fo=3, routed)           0.319     8.919    U_MASTER/u_i2c_master/FSM_sequential_state[2]_i_3_n_0
    SLICE_X2Y126         LUT6 (Prop_lut6_I4_O)        0.124     9.043 r  U_MASTER/u_i2c_master/FSM_sequential_state[2]_i_1/O
                         net (fo=1, routed)           0.000     9.043    U_MASTER/u_i2c_master/FSM_sequential_state[2]_i_1_n_0
    SLICE_X2Y126         FDCE                                         r  U_MASTER/u_i2c_master/FSM_sequential_state_reg[2]/D
  -------------------------------------------------------------------    -------------------

                         (clock sys_clk_pin rise edge)
                                                     10.000    10.000 r  
    W5                                                0.000    10.000 r  clk (IN)
                         net (fo=0)                   0.000    10.000    clk
    W5                   IBUF (Prop_ibuf_I_O)         1.388    11.388 r  clk_IBUF_inst/O
                         net (fo=1, routed)           1.862    13.250    clk_IBUF
    BUFGCTRL_X0Y0        BUFG (Prop_bufg_I_O)         0.091    13.341 r  clk_IBUF_BUFG_inst/O
                         net (fo=80, routed)          1.668    15.009    U_MASTER/u_i2c_master/CLK
    SLICE_X2Y126         FDCE                                         r  U_MASTER/u_i2c_master/FSM_sequential_state_reg[2]/C
                         clock pessimism              0.281    15.290    
                         clock uncertainty           -0.035    15.255    
    SLICE_X2Y126         FDCE (Setup_fdce_C_D)        0.077    15.332    U_MASTER/u_i2c_master/FSM_sequential_state_reg[2]
  -------------------------------------------------------------------
                         required time                         15.332    
                         arrival time                          -9.043    
  -------------------------------------------------------------------
                         slack                                  6.289    

Slack (MET) :             6.301ns  (required time - arrival time)
  Source:                 U_MASTER/u_i2c_master/FSM_sequential_state_reg[1]/C
                            (rising edge-triggered cell FDCE clocked by sys_clk_pin  {rise@0.000ns fall@5.000ns period=10.000ns})
  Destination:            U_MASTER/u_i2c_master/FSM_sequential_state_reg[0]/D
                            (rising edge-triggered cell FDCE clocked by sys_clk_pin  {rise@0.000ns fall@5.000ns period=10.000ns})
  Path Group:             sys_clk_pin
  Path Type:              Setup (Max at Slow Process Corner)
  Requirement:            10.000ns  (sys_clk_pin rise@10.000ns - sys_clk_pin rise@0.000ns)
  Data Path Delay:        3.741ns  (logic 1.242ns (33.200%)  route 2.499ns (66.800%))
  Logic Levels:           4  (LUT3=1 LUT5=1 LUT6=2)
  Clock Path Skew:        0.000ns (DCD - SCD + CPR)
    Destination Clock Delay (DCD):    5.010ns = ( 15.010 - 10.000 ) 
    Source Clock Delay      (SCD):    5.313ns
    Clock Pessimism Removal (CPR):    0.303ns
  Clock Uncertainty:      0.035ns  ((TSJ^2 + TIJ^2)^1/2 + DJ) / 2 + PE
    Total System Jitter     (TSJ):    0.071ns
    Total Input Jitter      (TIJ):    0.000ns
    Discrete Jitter          (DJ):    0.000ns
    Phase Error              (PE):    0.000ns

    Location             Delay type                Incr(ns)  Path(ns)    Netlist Resource(s)
  -------------------------------------------------------------------    -------------------
                         (clock sys_clk_pin rise edge)
                                                      0.000     0.000 r  
    W5                                                0.000     0.000 r  clk (IN)
                         net (fo=0)                   0.000     0.000    clk
    W5                   IBUF (Prop_ibuf_I_O)         1.458     1.458 r  clk_IBUF_inst/O
                         net (fo=1, routed)           1.967     3.425    clk_IBUF
    BUFGCTRL_X0Y0        BUFG (Prop_bufg_I_O)         0.096     3.521 r  clk_IBUF_BUFG_inst/O
                         net (fo=80, routed)          1.792     5.313    U_MASTER/u_i2c_master/CLK
    SLICE_X2Y127         FDCE                                         r  U_MASTER/u_i2c_master/FSM_sequential_state_reg[1]/C
  -------------------------------------------------------------------    -------------------
    SLICE_X2Y127         FDCE (Prop_fdce_C_Q)         0.518     5.831 r  U_MASTER/u_i2c_master/FSM_sequential_state_reg[1]/Q
                         net (fo=19, routed)          1.095     6.926    U_MASTER/u_i2c_master/state__0[1]
    SLICE_X3Y125         LUT5 (Prop_lut5_I4_O)        0.150     7.076 r  U_MASTER/u_i2c_master/bit_cnt[2]_i_3/O
                         net (fo=2, routed)           0.503     7.579    U_MASTER/u_i2c_master/is_read
    SLICE_X2Y126         LUT6 (Prop_lut6_I5_O)        0.326     7.905 r  U_MASTER/u_i2c_master/FSM_sequential_state[2]_i_4/O
                         net (fo=1, routed)           0.571     8.476    U_MASTER/u_i2c_master/FSM_sequential_state[2]_i_4_n_0
    SLICE_X3Y125         LUT6 (Prop_lut6_I5_O)        0.124     8.600 r  U_MASTER/u_i2c_master/FSM_sequential_state[2]_i_3/O
                         net (fo=3, routed)           0.330     8.930    U_MASTER/u_i2c_master/FSM_sequential_state[2]_i_3_n_0
    SLICE_X2Y127         LUT3 (Prop_lut3_I1_O)        0.124     9.054 r  U_MASTER/u_i2c_master/FSM_sequential_state[0]_i_1/O
                         net (fo=1, routed)           0.000     9.054    U_MASTER/u_i2c_master/FSM_sequential_state[0]_i_1_n_0
    SLICE_X2Y127         FDCE                                         r  U_MASTER/u_i2c_master/FSM_sequential_state_reg[0]/D
  -------------------------------------------------------------------    -------------------

                         (clock sys_clk_pin rise edge)
                                                     10.000    10.000 r  
    W5                                                0.000    10.000 r  clk (IN)
                         net (fo=0)                   0.000    10.000    clk
    W5                   IBUF (Prop_ibuf_I_O)         1.388    11.388 r  clk_IBUF_inst/O
                         net (fo=1, routed)           1.862    13.250    clk_IBUF
    BUFGCTRL_X0Y0        BUFG (Prop_bufg_I_O)         0.091    13.341 r  clk_IBUF_BUFG_inst/O
                         net (fo=80, routed)          1.669    15.010    U_MASTER/u_i2c_master/CLK
    SLICE_X2Y127         FDCE                                         r  U_MASTER/u_i2c_master/FSM_sequential_state_reg[0]/C
                         clock pessimism              0.303    15.313    
                         clock uncertainty           -0.035    15.278    
    SLICE_X2Y127         FDCE (Setup_fdce_C_D)        0.077    15.355    U_MASTER/u_i2c_master/FSM_sequential_state_reg[0]
  -------------------------------------------------------------------
                         required time                         15.355    
                         arrival time                          -9.054    
  -------------------------------------------------------------------
                         slack                                  6.301    

Slack (MET) :             6.308ns  (required time - arrival time)
  Source:                 U_MASTER/u_i2c_master/FSM_sequential_state_reg[1]/C
                            (rising edge-triggered cell FDCE clocked by sys_clk_pin  {rise@0.000ns fall@5.000ns period=10.000ns})
  Destination:            U_MASTER/u_i2c_master/FSM_sequential_state_reg[1]/D
                            (rising edge-triggered cell FDCE clocked by sys_clk_pin  {rise@0.000ns fall@5.000ns period=10.000ns})
  Path Group:             sys_clk_pin
  Path Type:              Setup (Max at Slow Process Corner)
  Requirement:            10.000ns  (sys_clk_pin rise@10.000ns - sys_clk_pin rise@0.000ns)
  Data Path Delay:        3.738ns  (logic 1.242ns (33.226%)  route 2.496ns (66.774%))
  Logic Levels:           4  (LUT5=1 LUT6=3)
  Clock Path Skew:        0.000ns (DCD - SCD + CPR)
    Destination Clock Delay (DCD):    5.010ns = ( 15.010 - 10.000 ) 
    Source Clock Delay      (SCD):    5.313ns
    Clock Pessimism Removal (CPR):    0.303ns
  Clock Uncertainty:      0.035ns  ((TSJ^2 + TIJ^2)^1/2 + DJ) / 2 + PE
    Total System Jitter     (TSJ):    0.071ns
    Total Input Jitter      (TIJ):    0.000ns
    Discrete Jitter          (DJ):    0.000ns
    Phase Error              (PE):    0.000ns

    Location             Delay type                Incr(ns)  Path(ns)    Netlist Resource(s)
  -------------------------------------------------------------------    -------------------
                         (clock sys_clk_pin rise edge)
                                                      0.000     0.000 r  
    W5                                                0.000     0.000 r  clk (IN)
                         net (fo=0)                   0.000     0.000    clk
    W5                   IBUF (Prop_ibuf_I_O)         1.458     1.458 r  clk_IBUF_inst/O
                         net (fo=1, routed)           1.967     3.425    clk_IBUF
    BUFGCTRL_X0Y0        BUFG (Prop_bufg_I_O)         0.096     3.521 r  clk_IBUF_BUFG_inst/O
                         net (fo=80, routed)          1.792     5.313    U_MASTER/u_i2c_master/CLK
    SLICE_X2Y127         FDCE                                         r  U_MASTER/u_i2c_master/FSM_sequential_state_reg[1]/C
  -------------------------------------------------------------------    -------------------
    SLICE_X2Y127         FDCE (Prop_fdce_C_Q)         0.518     5.831 r  U_MASTER/u_i2c_master/FSM_sequential_state_reg[1]/Q
                         net (fo=19, routed)          1.095     6.926    U_MASTER/u_i2c_master/state__0[1]
    SLICE_X3Y125         LUT5 (Prop_lut5_I4_O)        0.150     7.076 r  U_MASTER/u_i2c_master/bit_cnt[2]_i_3/O
                         net (fo=2, routed)           0.503     7.579    U_MASTER/u_i2c_master/is_read
    SLICE_X2Y126         LUT6 (Prop_lut6_I5_O)        0.326     7.905 r  U_MASTER/u_i2c_master/FSM_sequential_state[2]_i_4/O
                         net (fo=1, routed)           0.571     8.476    U_MASTER/u_i2c_master/FSM_sequential_state[2]_i_4_n_0
    SLICE_X3Y125         LUT6 (Prop_lut6_I5_O)        0.124     8.600 r  U_MASTER/u_i2c_master/FSM_sequential_state[2]_i_3/O
                         net (fo=3, routed)           0.327     8.927    U_MASTER/u_i2c_master/FSM_sequential_state[2]_i_3_n_0
    SLICE_X2Y127         LUT6 (Prop_lut6_I4_O)        0.124     9.051 r  U_MASTER/u_i2c_master/FSM_sequential_state[1]_i_1/O
                         net (fo=1, routed)           0.000     9.051    U_MASTER/u_i2c_master/FSM_sequential_state[1]_i_1_n_0
    SLICE_X2Y127         FDCE                                         r  U_MASTER/u_i2c_master/FSM_sequential_state_reg[1]/D
  -------------------------------------------------------------------    -------------------

                         (clock sys_clk_pin rise edge)
                                                     10.000    10.000 r  
    W5                                                0.000    10.000 r  clk (IN)
                         net (fo=0)                   0.000    10.000    clk
    W5                   IBUF (Prop_ibuf_I_O)         1.388    11.388 r  clk_IBUF_inst/O
                         net (fo=1, routed)           1.862    13.250    clk_IBUF
    BUFGCTRL_X0Y0        BUFG (Prop_bufg_I_O)         0.091    13.341 r  clk_IBUF_BUFG_inst/O
                         net (fo=80, routed)          1.669    15.010    U_MASTER/u_i2c_master/CLK
    SLICE_X2Y127         FDCE                                         r  U_MASTER/u_i2c_master/FSM_sequential_state_reg[1]/C
                         clock pessimism              0.303    15.313    
                         clock uncertainty           -0.035    15.278    
    SLICE_X2Y127         FDCE (Setup_fdce_C_D)        0.081    15.359    U_MASTER/u_i2c_master/FSM_sequential_state_reg[1]
  -------------------------------------------------------------------
                         required time                         15.359    
                         arrival time                          -9.051    
  -------------------------------------------------------------------
                         slack                                  6.308    





Min Delay Paths
--------------------------------------------------------------------------------------
Slack (MET) :             0.164ns  (arrival time - required time)
  Source:                 U_MASTER/u_i2c_master/rx_shift_reg_reg[1]/C
                            (rising edge-triggered cell FDCE clocked by sys_clk_pin  {rise@0.000ns fall@5.000ns period=10.000ns})
  Destination:            U_MASTER/u_i2c_master/rx_data_reg[1]/D
                            (rising edge-triggered cell FDRE clocked by sys_clk_pin  {rise@0.000ns fall@5.000ns period=10.000ns})
  Path Group:             sys_clk_pin
  Path Type:              Hold (Min at Fast Process Corner)
  Requirement:            0.000ns  (sys_clk_pin rise@0.000ns - sys_clk_pin rise@0.000ns)
  Data Path Delay:        0.269ns  (logic 0.141ns (52.345%)  route 0.128ns (47.655%))
  Logic Levels:           0  
  Clock Path Skew:        0.035ns (DCD - SCD - CPR)
    Destination Clock Delay (DCD):    2.065ns
    Source Clock Delay      (SCD):    1.548ns
    Clock Pessimism Removal (CPR):    0.482ns

    Location             Delay type                Incr(ns)  Path(ns)    Netlist Resource(s)
  -------------------------------------------------------------------    -------------------
                         (clock sys_clk_pin rise edge)
                                                      0.000     0.000 r  
    W5                                                0.000     0.000 r  clk (IN)
                         net (fo=0)                   0.000     0.000    clk
    W5                   IBUF (Prop_ibuf_I_O)         0.226     0.226 r  clk_IBUF_inst/O
                         net (fo=1, routed)           0.631     0.858    clk_IBUF
    BUFGCTRL_X0Y0        BUFG (Prop_bufg_I_O)         0.026     0.884 r  clk_IBUF_BUFG_inst/O
                         net (fo=80, routed)          0.664     1.548    U_MASTER/u_i2c_master/CLK
    SLICE_X4Y127         FDCE                                         r  U_MASTER/u_i2c_master/rx_shift_reg_reg[1]/C
  -------------------------------------------------------------------    -------------------
    SLICE_X4Y127         FDCE (Prop_fdce_C_Q)         0.141     1.689 r  U_MASTER/u_i2c_master/rx_shift_reg_reg[1]/Q
                         net (fo=2, routed)           0.128     1.817    U_MASTER/u_i2c_master/rx_shift_reg_reg_n_0_[1]
    SLICE_X3Y127         FDRE                                         r  U_MASTER/u_i2c_master/rx_data_reg[1]/D
  -------------------------------------------------------------------    -------------------

                         (clock sys_clk_pin rise edge)
                                                      0.000     0.000 r  
    W5                                                0.000     0.000 r  clk (IN)
                         net (fo=0)                   0.000     0.000    clk
    W5                   IBUF (Prop_ibuf_I_O)         0.414     0.414 r  clk_IBUF_inst/O
                         net (fo=1, routed)           0.685     1.099    clk_IBUF
    BUFGCTRL_X0Y0        BUFG (Prop_bufg_I_O)         0.029     1.128 r  clk_IBUF_BUFG_inst/O
                         net (fo=80, routed)          0.937     2.065    U_MASTER/u_i2c_master/CLK
    SLICE_X3Y127         FDRE                                         r  U_MASTER/u_i2c_master/rx_data_reg[1]/C
                         clock pessimism             -0.482     1.583    
    SLICE_X3Y127         FDRE (Hold_fdre_C_D)         0.070     1.653    U_MASTER/u_i2c_master/rx_data_reg[1]
  -------------------------------------------------------------------
                         required time                         -1.653    
                         arrival time                           1.817    
  -------------------------------------------------------------------
                         slack                                  0.164    

Slack (MET) :             0.186ns  (arrival time - required time)
  Source:                 U_MASTER/u_i2c_master/rx_shift_reg_reg[3]/C
                            (rising edge-triggered cell FDCE clocked by sys_clk_pin  {rise@0.000ns fall@5.000ns period=10.000ns})
  Destination:            U_MASTER/u_i2c_master/rx_data_reg[3]/D
                            (rising edge-triggered cell FDRE clocked by sys_clk_pin  {rise@0.000ns fall@5.000ns period=10.000ns})
  Path Group:             sys_clk_pin
  Path Type:              Hold (Min at Fast Process Corner)
  Requirement:            0.000ns  (sys_clk_pin rise@0.000ns - sys_clk_pin rise@0.000ns)
  Data Path Delay:        0.284ns  (logic 0.141ns (49.600%)  route 0.143ns (50.400%))
  Logic Levels:           0  
  Clock Path Skew:        0.013ns (DCD - SCD - CPR)
    Destination Clock Delay (DCD):    2.063ns
    Source Clock Delay      (SCD):    1.548ns
    Clock Pessimism Removal (CPR):    0.502ns

    Location             Delay type                Incr(ns)  Path(ns)    Netlist Resource(s)
  -------------------------------------------------------------------    -------------------
                         (clock sys_clk_pin rise edge)
                                                      0.000     0.000 r  
    W5                                                0.000     0.000 r  clk (IN)
                         net (fo=0)                   0.000     0.000    clk
    W5                   IBUF (Prop_ibuf_I_O)         0.226     0.226 r  clk_IBUF_inst/O
                         net (fo=1, routed)           0.631     0.858    clk_IBUF
    BUFGCTRL_X0Y0        BUFG (Prop_bufg_I_O)         0.026     0.884 r  clk_IBUF_BUFG_inst/O
                         net (fo=80, routed)          0.664     1.548    U_MASTER/u_i2c_master/CLK
    SLICE_X5Y127         FDCE                                         r  U_MASTER/u_i2c_master/rx_shift_reg_reg[3]/C
  -------------------------------------------------------------------    -------------------
    SLICE_X5Y127         FDCE (Prop_fdce_C_Q)         0.141     1.689 r  U_MASTER/u_i2c_master/rx_shift_reg_reg[3]/Q
                         net (fo=2, routed)           0.143     1.832    U_MASTER/u_i2c_master/rx_shift_reg_reg_n_0_[3]
    SLICE_X6Y127         FDRE                                         r  U_MASTER/u_i2c_master/rx_data_reg[3]/D
  -------------------------------------------------------------------    -------------------

                         (clock sys_clk_pin rise edge)
                                                      0.000     0.000 r  
    W5                                                0.000     0.000 r  clk (IN)
                         net (fo=0)                   0.000     0.000    clk
    W5                   IBUF (Prop_ibuf_I_O)         0.414     0.414 r  clk_IBUF_inst/O
                         net (fo=1, routed)           0.685     1.099    clk_IBUF
    BUFGCTRL_X0Y0        BUFG (Prop_bufg_I_O)         0.029     1.128 r  clk_IBUF_BUFG_inst/O
                         net (fo=80, routed)          0.935     2.063    U_MASTER/u_i2c_master/CLK
    SLICE_X6Y127         FDRE                                         r  U_MASTER/u_i2c_master/rx_data_reg[3]/C
                         clock pessimism             -0.502     1.561    
    SLICE_X6Y127         FDRE (Hold_fdre_C_D)         0.085     1.646    U_MASTER/u_i2c_master/rx_data_reg[3]
  -------------------------------------------------------------------
                         required time                         -1.646    
                         arrival time                           1.832    
  -------------------------------------------------------------------
                         slack                                  0.186    

Slack (MET) :             0.198ns  (arrival time - required time)
  Source:                 FSM_sequential_state_reg[0]/C
                            (rising edge-triggered cell FDCE clocked by sys_clk_pin  {rise@0.000ns fall@5.000ns period=10.000ns})
  Destination:            cmd_stop_reg/D
                            (rising edge-triggered cell FDCE clocked by sys_clk_pin  {rise@0.000ns fall@5.000ns period=10.000ns})
  Path Group:             sys_clk_pin
  Path Type:              Hold (Min at Fast Process Corner)
  Requirement:            0.000ns  (sys_clk_pin rise@0.000ns - sys_clk_pin rise@0.000ns)
  Data Path Delay:        0.331ns  (logic 0.186ns (56.271%)  route 0.145ns (43.729%))
  Logic Levels:           1  (LUT5=1)
  Clock Path Skew:        0.013ns (DCD - SCD - CPR)
    Destination Clock Delay (DCD):    2.062ns
    Source Clock Delay      (SCD):    1.546ns
    Clock Pessimism Removal (CPR):    0.503ns

    Location             Delay type                Incr(ns)  Path(ns)    Netlist Resource(s)
  -------------------------------------------------------------------    -------------------
                         (clock sys_clk_pin rise edge)
                                                      0.000     0.000 r  
    W5                                                0.000     0.000 r  clk (IN)
                         net (fo=0)                   0.000     0.000    clk
    W5                   IBUF (Prop_ibuf_I_O)         0.226     0.226 r  clk_IBUF_inst/O
                         net (fo=1, routed)           0.631     0.858    clk_IBUF
    BUFGCTRL_X0Y0        BUFG (Prop_bufg_I_O)         0.026     0.884 r  clk_IBUF_BUFG_inst/O
                         net (fo=80, routed)          0.662     1.546    clk_IBUF_BUFG
    SLICE_X3Y124         FDCE                                         r  FSM_sequential_state_reg[0]/C
  -------------------------------------------------------------------    -------------------
    SLICE_X3Y124         FDCE (Prop_fdce_C_Q)         0.141     1.687 r  FSM_sequential_state_reg[0]/Q
                         net (fo=10, routed)          0.145     1.831    U_MASTER/u_i2c_master/state[0]
    SLICE_X2Y124         LUT5 (Prop_lut5_I3_O)        0.045     1.876 r  U_MASTER/u_i2c_master/cmd_stop_i_1/O
                         net (fo=1, routed)           0.000     1.876    U_MASTER_n_26
    SLICE_X2Y124         FDCE                                         r  cmd_stop_reg/D
  -------------------------------------------------------------------    -------------------

                         (clock sys_clk_pin rise edge)
                                                      0.000     0.000 r  
    W5                                                0.000     0.000 r  clk (IN)
                         net (fo=0)                   0.000     0.000    clk
    W5                   IBUF (Prop_ibuf_I_O)         0.414     0.414 r  clk_IBUF_inst/O
                         net (fo=1, routed)           0.685     1.099    clk_IBUF
    BUFGCTRL_X0Y0        BUFG (Prop_bufg_I_O)         0.029     1.128 r  clk_IBUF_BUFG_inst/O
                         net (fo=80, routed)          0.934     2.062    clk_IBUF_BUFG
    SLICE_X2Y124         FDCE                                         r  cmd_stop_reg/C
                         clock pessimism             -0.503     1.559    
    SLICE_X2Y124         FDCE (Hold_fdce_C_D)         0.120     1.679    cmd_stop_reg
  -------------------------------------------------------------------
                         required time                         -1.679    
                         arrival time                           1.876    
  -------------------------------------------------------------------
                         slack                                  0.198    

Slack (MET) :             0.200ns  (arrival time - required time)
  Source:                 U_MASTER/u_i2c_master/rx_shift_reg_reg[7]/C
                            (rising edge-triggered cell FDCE clocked by sys_clk_pin  {rise@0.000ns fall@5.000ns period=10.000ns})
  Destination:            U_MASTER/u_i2c_master/rx_data_reg[7]/D
                            (rising edge-triggered cell FDRE clocked by sys_clk_pin  {rise@0.000ns fall@5.000ns period=10.000ns})
  Path Group:             sys_clk_pin
  Path Type:              Hold (Min at Fast Process Corner)
  Requirement:            0.000ns  (sys_clk_pin rise@0.000ns - sys_clk_pin rise@0.000ns)
  Data Path Delay:        0.247ns  (logic 0.128ns (51.811%)  route 0.119ns (48.189%))
  Logic Levels:           0  
  Clock Path Skew:        0.035ns (DCD - SCD - CPR)
    Destination Clock Delay (DCD):    2.065ns
    Source Clock Delay      (SCD):    1.548ns
    Clock Pessimism Removal (CPR):    0.482ns

    Location             Delay type                Incr(ns)  Path(ns)    Netlist Resource(s)
  -------------------------------------------------------------------    -------------------
                         (clock sys_clk_pin rise edge)
                                                      0.000     0.000 r  
    W5                                                0.000     0.000 r  clk (IN)
                         net (fo=0)                   0.000     0.000    clk
    W5                   IBUF (Prop_ibuf_I_O)         0.226     0.226 r  clk_IBUF_inst/O
                         net (fo=1, routed)           0.631     0.858    clk_IBUF
    BUFGCTRL_X0Y0        BUFG (Prop_bufg_I_O)         0.026     0.884 r  clk_IBUF_BUFG_inst/O
                         net (fo=80, routed)          0.664     1.548    U_MASTER/u_i2c_master/CLK
    SLICE_X4Y127         FDCE                                         r  U_MASTER/u_i2c_master/rx_shift_reg_reg[7]/C
  -------------------------------------------------------------------    -------------------
    SLICE_X4Y127         FDCE (Prop_fdce_C_Q)         0.128     1.676 r  U_MASTER/u_i2c_master/rx_shift_reg_reg[7]/Q
                         net (fo=1, routed)           0.119     1.795    U_MASTER/u_i2c_master/rx_shift_reg_reg_n_0_[7]
    SLICE_X3Y127         FDRE                                         r  U_MASTER/u_i2c_master/rx_data_reg[7]/D
  -------------------------------------------------------------------    -------------------

                         (clock sys_clk_pin rise edge)
                                                      0.000     0.000 r  
    W5                                                0.000     0.000 r  clk (IN)
                         net (fo=0)                   0.000     0.000    clk
    W5                   IBUF (Prop_ibuf_I_O)         0.414     0.414 r  clk_IBUF_inst/O
                         net (fo=1, routed)           0.685     1.099    clk_IBUF
    BUFGCTRL_X0Y0        BUFG (Prop_bufg_I_O)         0.029     1.128 r  clk_IBUF_BUFG_inst/O
                         net (fo=80, routed)          0.937     2.065    U_MASTER/u_i2c_master/CLK
    SLICE_X3Y127         FDRE                                         r  U_MASTER/u_i2c_master/rx_data_reg[7]/C
                         clock pessimism             -0.482     1.583    
    SLICE_X3Y127         FDRE (Hold_fdre_C_D)         0.012     1.595    U_MASTER/u_i2c_master/rx_data_reg[7]
  -------------------------------------------------------------------
                         required time                         -1.595    
                         arrival time                           1.795    
  -------------------------------------------------------------------
                         slack                                  0.200    

Slack (MET) :             0.216ns  (arrival time - required time)
  Source:                 U_MASTER/u_i2c_master/step_reg[0]/C
                            (rising edge-triggered cell FDCE clocked by sys_clk_pin  {rise@0.000ns fall@5.000ns period=10.000ns})
  Destination:            U_MASTER/u_i2c_master/scl_r_reg/D
                            (rising edge-triggered cell FDPE clocked by sys_clk_pin  {rise@0.000ns fall@5.000ns period=10.000ns})
  Path Group:             sys_clk_pin
  Path Type:              Hold (Min at Fast Process Corner)
  Requirement:            0.000ns  (sys_clk_pin rise@0.000ns - sys_clk_pin rise@0.000ns)
  Data Path Delay:        0.370ns  (logic 0.186ns (50.327%)  route 0.184ns (49.673%))
  Logic Levels:           1  (LUT5=1)
  Clock Path Skew:        0.034ns (DCD - SCD - CPR)
    Destination Clock Delay (DCD):    2.062ns
    Source Clock Delay      (SCD):    1.546ns
    Clock Pessimism Removal (CPR):    0.482ns

    Location             Delay type                Incr(ns)  Path(ns)    Netlist Resource(s)
  -------------------------------------------------------------------    -------------------
                         (clock sys_clk_pin rise edge)
                                                      0.000     0.000 r  
    W5                                                0.000     0.000 r  clk (IN)
                         net (fo=0)                   0.000     0.000    clk
    W5                   IBUF (Prop_ibuf_I_O)         0.226     0.226 r  clk_IBUF_inst/O
                         net (fo=1, routed)           0.631     0.858    clk_IBUF
    BUFGCTRL_X0Y0        BUFG (Prop_bufg_I_O)         0.026     0.884 r  clk_IBUF_BUFG_inst/O
                         net (fo=80, routed)          0.662     1.546    U_MASTER/u_i2c_master/CLK
    SLICE_X1Y124         FDCE                                         r  U_MASTER/u_i2c_master/step_reg[0]/C
  -------------------------------------------------------------------    -------------------
    SLICE_X1Y124         FDCE (Prop_fdce_C_Q)         0.141     1.687 r  U_MASTER/u_i2c_master/step_reg[0]/Q
                         net (fo=9, routed)           0.184     1.870    U_MASTER/u_i2c_master/step_reg_n_0_[0]
    SLICE_X2Y125         LUT5 (Prop_lut5_I4_O)        0.045     1.915 r  U_MASTER/u_i2c_master/scl_r_i_2/O
                         net (fo=1, routed)           0.000     1.915    U_MASTER/u_i2c_master/scl_r_i_2_n_0
    SLICE_X2Y125         FDPE                                         r  U_MASTER/u_i2c_master/scl_r_reg/D
  -------------------------------------------------------------------    -------------------

                         (clock sys_clk_pin rise edge)
                                                      0.000     0.000 r  
    W5                                                0.000     0.000 r  clk (IN)
                         net (fo=0)                   0.000     0.000    clk
    W5                   IBUF (Prop_ibuf_I_O)         0.414     0.414 r  clk_IBUF_inst/O
                         net (fo=1, routed)           0.685     1.099    clk_IBUF
    BUFGCTRL_X0Y0        BUFG (Prop_bufg_I_O)         0.029     1.128 r  clk_IBUF_BUFG_inst/O
                         net (fo=80, routed)          0.934     2.062    U_MASTER/u_i2c_master/CLK
    SLICE_X2Y125         FDPE                                         r  U_MASTER/u_i2c_master/scl_r_reg/C
                         clock pessimism             -0.482     1.580    
    SLICE_X2Y125         FDPE (Hold_fdpe_C_D)         0.120     1.700    U_MASTER/u_i2c_master/scl_r_reg
  -------------------------------------------------------------------
                         required time                         -1.700    
                         arrival time                           1.915    
  -------------------------------------------------------------------
                         slack                                  0.216    

Slack (MET) :             0.220ns  (arrival time - required time)
  Source:                 U_MASTER/u_i2c_master/tx_shift_reg_reg[2]/C
                            (rising edge-triggered cell FDCE clocked by sys_clk_pin  {rise@0.000ns fall@5.000ns period=10.000ns})
  Destination:            U_MASTER/u_i2c_master/tx_shift_reg_reg[3]/D
                            (rising edge-triggered cell FDCE clocked by sys_clk_pin  {rise@0.000ns fall@5.000ns period=10.000ns})
  Path Group:             sys_clk_pin
  Path Type:              Hold (Min at Fast Process Corner)
  Requirement:            0.000ns  (sys_clk_pin rise@0.000ns - sys_clk_pin rise@0.000ns)
  Data Path Delay:        0.312ns  (logic 0.226ns (72.544%)  route 0.086ns (27.456%))
  Logic Levels:           1  (LUT3=1)
  Clock Path Skew:        0.000ns (DCD - SCD - CPR)
    Destination Clock Delay (DCD):    2.062ns
    Source Clock Delay      (SCD):    1.546ns
    Clock Pessimism Removal (CPR):    0.516ns

    Location             Delay type                Incr(ns)  Path(ns)    Netlist Resource(s)
  -------------------------------------------------------------------    -------------------
                         (clock sys_clk_pin rise edge)
                                                      0.000     0.000 r  
    W5                                                0.000     0.000 r  clk (IN)
                         net (fo=0)                   0.000     0.000    clk
    W5                   IBUF (Prop_ibuf_I_O)         0.226     0.226 r  clk_IBUF_inst/O
                         net (fo=1, routed)           0.631     0.858    clk_IBUF
    BUFGCTRL_X0Y0        BUFG (Prop_bufg_I_O)         0.026     0.884 r  clk_IBUF_BUFG_inst/O
                         net (fo=80, routed)          0.662     1.546    U_MASTER/u_i2c_master/CLK
    SLICE_X1Y125         FDCE                                         r  U_MASTER/u_i2c_master/tx_shift_reg_reg[2]/C
  -------------------------------------------------------------------    -------------------
    SLICE_X1Y125         FDCE (Prop_fdce_C_Q)         0.128     1.674 r  U_MASTER/u_i2c_master/tx_shift_reg_reg[2]/Q
                         net (fo=1, routed)           0.086     1.759    U_MASTER/u_i2c_master/tx_shift_reg_reg_n_0_[2]
    SLICE_X1Y125         LUT3 (Prop_lut3_I2_O)        0.098     1.857 r  U_MASTER/u_i2c_master/tx_shift_reg[3]_i_1/O
                         net (fo=1, routed)           0.000     1.857    U_MASTER/u_i2c_master/tx_shift_reg[3]
    SLICE_X1Y125         FDCE                                         r  U_MASTER/u_i2c_master/tx_shift_reg_reg[3]/D
  -------------------------------------------------------------------    -------------------

                         (clock sys_clk_pin rise edge)
                                                      0.000     0.000 r  
    W5                                                0.000     0.000 r  clk (IN)
                         net (fo=0)                   0.000     0.000    clk
    W5                   IBUF (Prop_ibuf_I_O)         0.414     0.414 r  clk_IBUF_inst/O
                         net (fo=1, routed)           0.685     1.099    clk_IBUF
    BUFGCTRL_X0Y0        BUFG (Prop_bufg_I_O)         0.029     1.128 r  clk_IBUF_BUFG_inst/O
                         net (fo=80, routed)          0.934     2.062    U_MASTER/u_i2c_master/CLK
    SLICE_X1Y125         FDCE                                         r  U_MASTER/u_i2c_master/tx_shift_reg_reg[3]/C
                         clock pessimism             -0.516     1.546    
    SLICE_X1Y125         FDCE (Hold_fdce_C_D)         0.092     1.638    U_MASTER/u_i2c_master/tx_shift_reg_reg[3]
  -------------------------------------------------------------------
                         required time                         -1.638    
                         arrival time                           1.857    
  -------------------------------------------------------------------
                         slack                                  0.220    

Slack (MET) :             0.220ns  (arrival time - required time)
  Source:                 U_MASTER/u_i2c_master/div_cnt_reg[2]/C
                            (rising edge-triggered cell FDCE clocked by sys_clk_pin  {rise@0.000ns fall@5.000ns period=10.000ns})
  Destination:            U_MASTER/u_i2c_master/div_cnt_reg[4]/D
                            (rising edge-triggered cell FDCE clocked by sys_clk_pin  {rise@0.000ns fall@5.000ns period=10.000ns})
  Path Group:             sys_clk_pin
  Path Type:              Hold (Min at Fast Process Corner)
  Requirement:            0.000ns  (sys_clk_pin rise@0.000ns - sys_clk_pin rise@0.000ns)
  Data Path Delay:        0.324ns  (logic 0.209ns (64.423%)  route 0.115ns (35.576%))
  Logic Levels:           1  (LUT6=1)
  Clock Path Skew:        0.013ns (DCD - SCD - CPR)
    Destination Clock Delay (DCD):    2.066ns
    Source Clock Delay      (SCD):    1.549ns
    Clock Pessimism Removal (CPR):    0.504ns

    Location             Delay type                Incr(ns)  Path(ns)    Netlist Resource(s)
  -------------------------------------------------------------------    -------------------
                         (clock sys_clk_pin rise edge)
                                                      0.000     0.000 r  
    W5                                                0.000     0.000 r  clk (IN)
                         net (fo=0)                   0.000     0.000    clk
    W5                   IBUF (Prop_ibuf_I_O)         0.226     0.226 r  clk_IBUF_inst/O
                         net (fo=1, routed)           0.631     0.858    clk_IBUF
    BUFGCTRL_X0Y0        BUFG (Prop_bufg_I_O)         0.026     0.884 r  clk_IBUF_BUFG_inst/O
                         net (fo=80, routed)          0.665     1.549    U_MASTER/u_i2c_master/CLK
    SLICE_X2Y128         FDCE                                         r  U_MASTER/u_i2c_master/div_cnt_reg[2]/C
  -------------------------------------------------------------------    -------------------
    SLICE_X2Y128         FDCE (Prop_fdce_C_Q)         0.164     1.713 r  U_MASTER/u_i2c_master/div_cnt_reg[2]/Q
                         net (fo=7, routed)           0.115     1.828    U_MASTER/u_i2c_master/div_cnt[2]
    SLICE_X3Y128         LUT6 (Prop_lut6_I2_O)        0.045     1.873 r  U_MASTER/u_i2c_master/div_cnt[4]_i_1/O
                         net (fo=1, routed)           0.000     1.873    U_MASTER/u_i2c_master/div_cnt_2[4]
    SLICE_X3Y128         FDCE                                         r  U_MASTER/u_i2c_master/div_cnt_reg[4]/D
  -------------------------------------------------------------------    -------------------

                         (clock sys_clk_pin rise edge)
                                                      0.000     0.000 r  
    W5                                                0.000     0.000 r  clk (IN)
                         net (fo=0)                   0.000     0.000    clk
    W5                   IBUF (Prop_ibuf_I_O)         0.414     0.414 r  clk_IBUF_inst/O
                         net (fo=1, routed)           0.685     1.099    clk_IBUF
    BUFGCTRL_X0Y0        BUFG (Prop_bufg_I_O)         0.029     1.128 r  clk_IBUF_BUFG_inst/O
                         net (fo=80, routed)          0.938     2.066    U_MASTER/u_i2c_master/CLK
    SLICE_X3Y128         FDCE                                         r  U_MASTER/u_i2c_master/div_cnt_reg[4]/C
                         clock pessimism             -0.504     1.562    
    SLICE_X3Y128         FDCE (Hold_fdce_C_D)         0.091     1.653    U_MASTER/u_i2c_master/div_cnt_reg[4]
  -------------------------------------------------------------------
                         required time                         -1.653    
                         arrival time                           1.873    
  -------------------------------------------------------------------
                         slack                                  0.220    

Slack (MET) :             0.224ns  (arrival time - required time)
  Source:                 cmd_write_reg/C
                            (rising edge-triggered cell FDCE clocked by sys_clk_pin  {rise@0.000ns fall@5.000ns period=10.000ns})
  Destination:            U_MASTER/u_i2c_master/is_read_reg/D
                            (rising edge-triggered cell FDCE clocked by sys_clk_pin  {rise@0.000ns fall@5.000ns period=10.000ns})
  Path Group:             sys_clk_pin
  Path Type:              Hold (Min at Fast Process Corner)
  Requirement:            0.000ns  (sys_clk_pin rise@0.000ns - sys_clk_pin rise@0.000ns)
  Data Path Delay:        0.358ns  (logic 0.186ns (52.003%)  route 0.172ns (47.997%))
  Logic Levels:           1  (LUT6=1)
  Clock Path Skew:        0.013ns (DCD - SCD - CPR)
    Destination Clock Delay (DCD):    2.062ns
    Source Clock Delay      (SCD):    1.546ns
    Clock Pessimism Removal (CPR):    0.503ns

    Location             Delay type                Incr(ns)  Path(ns)    Netlist Resource(s)
  -------------------------------------------------------------------    -------------------
                         (clock sys_clk_pin rise edge)
                                                      0.000     0.000 r  
    W5                                                0.000     0.000 r  clk (IN)
                         net (fo=0)                   0.000     0.000    clk
    W5                   IBUF (Prop_ibuf_I_O)         0.226     0.226 r  clk_IBUF_inst/O
                         net (fo=1, routed)           0.631     0.858    clk_IBUF
    BUFGCTRL_X0Y0        BUFG (Prop_bufg_I_O)         0.026     0.884 r  clk_IBUF_BUFG_inst/O
                         net (fo=80, routed)          0.662     1.546    clk_IBUF_BUFG
    SLICE_X1Y124         FDCE                                         r  cmd_write_reg/C
  -------------------------------------------------------------------    -------------------
    SLICE_X1Y124         FDCE (Prop_fdce_C_Q)         0.141     1.687 f  cmd_write_reg/Q
                         net (fo=7, routed)           0.172     1.858    U_MASTER/u_i2c_master/tx_shift_reg_reg[0]_0
    SLICE_X2Y124         LUT6 (Prop_lut6_I0_O)        0.045     1.903 r  U_MASTER/u_i2c_master/is_read_i_1/O
                         net (fo=1, routed)           0.000     1.903    U_MASTER/u_i2c_master/is_read_i_1_n_0
    SLICE_X2Y124         FDCE                                         r  U_MASTER/u_i2c_master/is_read_reg/D
  -------------------------------------------------------------------    -------------------

                         (clock sys_clk_pin rise edge)
                                                      0.000     0.000 r  
    W5                                                0.000     0.000 r  clk (IN)
                         net (fo=0)                   0.000     0.000    clk
    W5                   IBUF (Prop_ibuf_I_O)         0.414     0.414 r  clk_IBUF_inst/O
                         net (fo=1, routed)           0.685     1.099    clk_IBUF
    BUFGCTRL_X0Y0        BUFG (Prop_bufg_I_O)         0.029     1.128 r  clk_IBUF_BUFG_inst/O
                         net (fo=80, routed)          0.934     2.062    U_MASTER/u_i2c_master/CLK
    SLICE_X2Y124         FDCE                                         r  U_MASTER/u_i2c_master/is_read_reg/C
                         clock pessimism             -0.503     1.559    
    SLICE_X2Y124         FDCE (Hold_fdce_C_D)         0.121     1.680    U_MASTER/u_i2c_master/is_read_reg
  -------------------------------------------------------------------
                         required time                         -1.680    
                         arrival time                           1.903    
  -------------------------------------------------------------------
                         slack                                  0.224    

Slack (MET) :             0.234ns  (arrival time - required time)
  Source:                 U_MASTER/u_i2c_master/tx_shift_reg_reg[5]/C
                            (rising edge-triggered cell FDCE clocked by sys_clk_pin  {rise@0.000ns fall@5.000ns period=10.000ns})
  Destination:            U_MASTER/u_i2c_master/tx_shift_reg_reg[6]/D
                            (rising edge-triggered cell FDCE clocked by sys_clk_pin  {rise@0.000ns fall@5.000ns period=10.000ns})
  Path Group:             sys_clk_pin
  Path Type:              Hold (Min at Fast Process Corner)
  Requirement:            0.000ns  (sys_clk_pin rise@0.000ns - sys_clk_pin rise@0.000ns)
  Data Path Delay:        0.341ns  (logic 0.183ns (53.649%)  route 0.158ns (46.351%))
  Logic Levels:           1  (LUT3=1)
  Clock Path Skew:        0.000ns (DCD - SCD - CPR)
    Destination Clock Delay (DCD):    2.062ns
    Source Clock Delay      (SCD):    1.546ns
    Clock Pessimism Removal (CPR):    0.516ns

    Location             Delay type                Incr(ns)  Path(ns)    Netlist Resource(s)
  -------------------------------------------------------------------    -------------------
                         (clock sys_clk_pin rise edge)
                                                      0.000     0.000 r  
    W5                                                0.000     0.000 r  clk (IN)
                         net (fo=0)                   0.000     0.000    clk
    W5                   IBUF (Prop_ibuf_I_O)         0.226     0.226 r  clk_IBUF_inst/O
                         net (fo=1, routed)           0.631     0.858    clk_IBUF
    BUFGCTRL_X0Y0        BUFG (Prop_bufg_I_O)         0.026     0.884 r  clk_IBUF_BUFG_inst/O
                         net (fo=80, routed)          0.662     1.546    U_MASTER/u_i2c_master/CLK
    SLICE_X1Y125         FDCE                                         r  U_MASTER/u_i2c_master/tx_shift_reg_reg[5]/C
  -------------------------------------------------------------------    -------------------
    SLICE_X1Y125         FDCE (Prop_fdce_C_Q)         0.141     1.687 r  U_MASTER/u_i2c_master/tx_shift_reg_reg[5]/Q
                         net (fo=1, routed)           0.158     1.845    U_MASTER/u_i2c_master/tx_shift_reg_reg_n_0_[5]
    SLICE_X1Y125         LUT3 (Prop_lut3_I2_O)        0.042     1.887 r  U_MASTER/u_i2c_master/tx_shift_reg[6]_i_1/O
                         net (fo=1, routed)           0.000     1.887    U_MASTER/u_i2c_master/tx_shift_reg[6]
    SLICE_X1Y125         FDCE                                         r  U_MASTER/u_i2c_master/tx_shift_reg_reg[6]/D
  -------------------------------------------------------------------    -------------------

                         (clock sys_clk_pin rise edge)
                                                      0.000     0.000 r  
    W5                                                0.000     0.000 r  clk (IN)
                         net (fo=0)                   0.000     0.000    clk
    W5                   IBUF (Prop_ibuf_I_O)         0.414     0.414 r  clk_IBUF_inst/O
                         net (fo=1, routed)           0.685     1.099    clk_IBUF
    BUFGCTRL_X0Y0        BUFG (Prop_bufg_I_O)         0.029     1.128 r  clk_IBUF_BUFG_inst/O
                         net (fo=80, routed)          0.934     2.062    U_MASTER/u_i2c_master/CLK
    SLICE_X1Y125         FDCE                                         r  U_MASTER/u_i2c_master/tx_shift_reg_reg[6]/C
                         clock pessimism             -0.516     1.546    
    SLICE_X1Y125         FDCE (Hold_fdce_C_D)         0.107     1.653    U_MASTER/u_i2c_master/tx_shift_reg_reg[6]
  -------------------------------------------------------------------
                         required time                         -1.653    
                         arrival time                           1.887    
  -------------------------------------------------------------------
                         slack                                  0.234    

Slack (MET) :             0.235ns  (arrival time - required time)
  Source:                 U_MASTER/u_i2c_master/rx_shift_reg_reg[4]/C
                            (rising edge-triggered cell FDCE clocked by sys_clk_pin  {rise@0.000ns fall@5.000ns period=10.000ns})
  Destination:            U_MASTER/u_i2c_master/rx_shift_reg_reg[5]/D
                            (rising edge-triggered cell FDCE clocked by sys_clk_pin  {rise@0.000ns fall@5.000ns period=10.000ns})
  Path Group:             sys_clk_pin
  Path Type:              Hold (Min at Fast Process Corner)
  Requirement:            0.000ns  (sys_clk_pin rise@0.000ns - sys_clk_pin rise@0.000ns)
  Data Path Delay:        0.327ns  (logic 0.226ns (69.024%)  route 0.101ns (30.976%))
  Logic Levels:           1  (LUT2=1)
  Clock Path Skew:        0.000ns (DCD - SCD - CPR)
    Destination Clock Delay (DCD):    2.063ns
    Source Clock Delay      (SCD):    1.548ns
    Clock Pessimism Removal (CPR):    0.515ns

    Location             Delay type                Incr(ns)  Path(ns)    Netlist Resource(s)
  -------------------------------------------------------------------    -------------------
                         (clock sys_clk_pin rise edge)
                                                      0.000     0.000 r  
    W5                                                0.000     0.000 r  clk (IN)
                         net (fo=0)                   0.000     0.000    clk
    W5                   IBUF (Prop_ibuf_I_O)         0.226     0.226 r  clk_IBUF_inst/O
                         net (fo=1, routed)           0.631     0.858    clk_IBUF
    BUFGCTRL_X0Y0        BUFG (Prop_bufg_I_O)         0.026     0.884 r  clk_IBUF_BUFG_inst/O
                         net (fo=80, routed)          0.664     1.548    U_MASTER/u_i2c_master/CLK
    SLICE_X5Y127         FDCE                                         r  U_MASTER/u_i2c_master/rx_shift_reg_reg[4]/C
  -------------------------------------------------------------------    -------------------
    SLICE_X5Y127         FDCE (Prop_fdce_C_Q)         0.128     1.676 r  U_MASTER/u_i2c_master/rx_shift_reg_reg[4]/Q
                         net (fo=2, routed)           0.101     1.777    U_MASTER/u_i2c_master/rx_shift_reg_reg_n_0_[4]
    SLICE_X5Y127         LUT2 (Prop_lut2_I0_O)        0.098     1.875 r  U_MASTER/u_i2c_master/rx_shift_reg[5]_i_1/O
                         net (fo=1, routed)           0.000     1.875    U_MASTER/u_i2c_master/rx_shift_reg[5]
    SLICE_X5Y127         FDCE                                         r  U_MASTER/u_i2c_master/rx_shift_reg_reg[5]/D
  -------------------------------------------------------------------    -------------------

                         (clock sys_clk_pin rise edge)
                                                      0.000     0.000 r  
    W5                                                0.000     0.000 r  clk (IN)
                         net (fo=0)                   0.000     0.000    clk
    W5                   IBUF (Prop_ibuf_I_O)         0.414     0.414 r  clk_IBUF_inst/O
                         net (fo=1, routed)           0.685     1.099    clk_IBUF
    BUFGCTRL_X0Y0        BUFG (Prop_bufg_I_O)         0.029     1.128 r  clk_IBUF_BUFG_inst/O
                         net (fo=80, routed)          0.935     2.063    U_MASTER/u_i2c_master/CLK
    SLICE_X5Y127         FDCE                                         r  U_MASTER/u_i2c_master/rx_shift_reg_reg[5]/C
                         clock pessimism             -0.515     1.548    
    SLICE_X5Y127         FDCE (Hold_fdce_C_D)         0.092     1.640    U_MASTER/u_i2c_master/rx_shift_reg_reg[5]
  -------------------------------------------------------------------
                         required time                         -1.640    
                         arrival time                           1.875    
  -------------------------------------------------------------------
                         slack                                  0.235    





Pulse Width Checks
--------------------------------------------------------------------------------------
Clock Name:         sys_clk_pin
Waveform(ns):       { 0.000 5.000 }
Period(ns):         10.000
Sources:            { clk }

Check Type        Corner  Lib Pin  Reference Pin  Required(ns)  Actual(ns)  Slack(ns)  Location       Pin
Min Period        n/a     BUFG/I   n/a            2.155         10.000      7.845      BUFGCTRL_X0Y0  clk_IBUF_BUFG_inst/I
Min Period        n/a     FDCE/C   n/a            1.000         10.000      9.000      SLICE_X3Y124   FSM_sequential_state_reg[0]/C
Min Period        n/a     FDCE/C   n/a            1.000         10.000      9.000      SLICE_X3Y124   FSM_sequential_state_reg[1]/C
Min Period        n/a     FDCE/C   n/a            1.000         10.000      9.000      SLICE_X3Y124   FSM_sequential_state_reg[2]/C
Min Period        n/a     FDCE/C   n/a            1.000         10.000      9.000      SLICE_X6Y125   U_FND/U_CLK_DIV/counter_r_reg[0]/C
Min Period        n/a     FDCE/C   n/a            1.000         10.000      9.000      SLICE_X7Y125   U_FND/U_CLK_DIV/counter_r_reg[10]/C
Min Period        n/a     FDCE/C   n/a            1.000         10.000      9.000      SLICE_X7Y125   U_FND/U_CLK_DIV/counter_r_reg[11]/C
Min Period        n/a     FDCE/C   n/a            1.000         10.000      9.000      SLICE_X7Y125   U_FND/U_CLK_DIV/counter_r_reg[12]/C
Min Period        n/a     FDCE/C   n/a            1.000         10.000      9.000      SLICE_X7Y125   U_FND/U_CLK_DIV/counter_r_reg[13]/C
Min Period        n/a     FDCE/C   n/a            1.000         10.000      9.000      SLICE_X7Y126   U_FND/U_CLK_DIV/counter_r_reg[14]/C
Low Pulse Width   Fast    FDCE/C   n/a            0.500         5.000       4.500      SLICE_X3Y124   FSM_sequential_state_reg[0]/C
Low Pulse Width   Fast    FDCE/C   n/a            0.500         5.000       4.500      SLICE_X3Y124   FSM_sequential_state_reg[1]/C
Low Pulse Width   Fast    FDCE/C   n/a            0.500         5.000       4.500      SLICE_X3Y124   FSM_sequential_state_reg[2]/C
Low Pulse Width   Slow    FDCE/C   n/a            0.500         5.000       4.500      SLICE_X6Y125   U_FND/U_CLK_DIV/counter_r_reg[0]/C
Low Pulse Width   Fast    FDCE/C   n/a            0.500         5.000       4.500      SLICE_X6Y125   U_FND/U_CLK_DIV/counter_r_reg[0]/C
Low Pulse Width   Slow    FDCE/C   n/a            0.500         5.000       4.500      SLICE_X7Y125   U_FND/U_CLK_DIV/counter_r_reg[10]/C
Low Pulse Width   Fast    FDCE/C   n/a            0.500         5.000       4.500      SLICE_X7Y125   U_FND/U_CLK_DIV/counter_r_reg[10]/C
Low Pulse Width   Slow    FDCE/C   n/a            0.500         5.000       4.500      SLICE_X7Y125   U_FND/U_CLK_DIV/counter_r_reg[11]/C
Low Pulse Width   Fast    FDCE/C   n/a            0.500         5.000       4.500      SLICE_X7Y125   U_FND/U_CLK_DIV/counter_r_reg[11]/C
Low Pulse Width   Slow    FDCE/C   n/a            0.500         5.000       4.500      SLICE_X7Y125   U_FND/U_CLK_DIV/counter_r_reg[12]/C
High Pulse Width  Slow    FDCE/C   n/a            0.500         5.000       4.500      SLICE_X3Y124   FSM_sequential_state_reg[0]/C
High Pulse Width  Slow    FDCE/C   n/a            0.500         5.000       4.500      SLICE_X3Y124   FSM_sequential_state_reg[1]/C
High Pulse Width  Slow    FDCE/C   n/a            0.500         5.000       4.500      SLICE_X3Y124   FSM_sequential_state_reg[2]/C
High Pulse Width  Slow    FDCE/C   n/a            0.500         5.000       4.500      SLICE_X6Y125   U_FND/U_CLK_DIV/counter_r_reg[0]/C
High Pulse Width  Slow    FDCE/C   n/a            0.500         5.000       4.500      SLICE_X7Y125   U_FND/U_CLK_DIV/counter_r_reg[10]/C
High Pulse Width  Slow    FDCE/C   n/a            0.500         5.000       4.500      SLICE_X7Y125   U_FND/U_CLK_DIV/counter_r_reg[11]/C
High Pulse Width  Slow    FDCE/C   n/a            0.500         5.000       4.500      SLICE_X7Y125   U_FND/U_CLK_DIV/counter_r_reg[12]/C
High Pulse Width  Slow    FDCE/C   n/a            0.500         5.000       4.500      SLICE_X7Y125   U_FND/U_CLK_DIV/counter_r_reg[13]/C
High Pulse Width  Slow    FDCE/C   n/a            0.500         5.000       4.500      SLICE_X7Y125   U_FND/U_CLK_DIV/counter_r_reg[15]/C
High Pulse Width  Slow    FDCE/C   n/a            0.500         5.000       4.500      SLICE_X7Y124   U_FND/U_CLK_DIV/counter_r_reg[5]/C



