Copyright 1986-2020 Xilinx, Inc. All Rights Reserved.
--------------------------------------------------------------------------------------------
| Tool Version : Vivado v.2020.2 (win64) Build 3064766 Wed Nov 18 09:12:45 MST 2020
| Date         : Fri Apr 17 18:20:59 2026
| Host         : DESKTOP-7CFQ9ND running 64-bit major release  (build 9200)
| Command      : report_control_sets -verbose -file demo_i2c_master_control_sets_placed.rpt
| Design       : demo_i2c_master
| Device       : xc7a35t
--------------------------------------------------------------------------------------------

Control Set Information

Table of Contents
-----------------
1. Summary
2. Histogram
3. Flip-Flop Distribution
4. Detailed Control Set Information

1. Summary
----------

+----------------------------------------------------------+-------+
|                          Status                          | Count |
+----------------------------------------------------------+-------+
| Total control sets                                       |     8 |
|    Minimum number of control sets                        |     8 |
|    Addition due to synthesis replication                 |     0 |
|    Addition due to physical synthesis replication        |     0 |
| Unused register locations in slices containing registers |    22 |
+----------------------------------------------------------+-------+
* Control sets can be merged at opt_design using control_set_merge or merge_equivalent_drivers
** Run report_qor_suggestions for automated merging and remapping suggestions


2. Histogram
------------

+--------------------+-------+
|       Fanout       | Count |
+--------------------+-------+
| Total control sets |     8 |
| >= 0 to < 4        |     3 |
| >= 4 to < 6        |     0 |
| >= 6 to < 8        |     0 |
| >= 8 to < 10       |     4 |
| >= 10 to < 12      |     0 |
| >= 12 to < 14      |     0 |
| >= 14 to < 16      |     0 |
| >= 16              |     1 |
+--------------------+-------+
* Control sets can be remapped at either synth_design or opt_design


3. Flip-Flop Distribution
-------------------------

+--------------+-----------------------+------------------------+-----------------+--------------+
| Clock Enable | Synchronous Set/Reset | Asynchronous Set/Reset | Total Registers | Total Slices |
+--------------+-----------------------+------------------------+-----------------+--------------+
| No           | No                    | No                     |               0 |            0 |
| No           | No                    | Yes                    |              48 |           17 |
| No           | Yes                   | No                     |               0 |            0 |
| Yes          | No                    | No                     |               8 |            4 |
| Yes          | No                    | Yes                    |              26 |            6 |
| Yes          | Yes                   | No                     |               0 |            0 |
+--------------+-----------------------+------------------------+-----------------+--------------+


4. Detailed Control Set Information
-----------------------------------

+----------------------+------------------------------------------+------------------+------------------+----------------+--------------+
|     Clock Signal     |               Enable Signal              | Set/Reset Signal | Slice Load Count | Bel Load Count | Bels / Slice |
+----------------------+------------------------------------------+------------------+------------------+----------------+--------------+
|  clk_IBUF_BUFG       | U_MASTER/u_i2c_master/scl_r              | reset_IBUF       |                1 |              1 |         1.00 |
|  clk_IBUF_BUFG       | is_write_i_1_n_0                         | reset_IBUF       |                1 |              1 |         1.00 |
|  U_FND/U_CLK_DIV/CLK |                                          | reset_IBUF       |                2 |              2 |         1.00 |
|  clk_IBUF_BUFG       | U_MASTER/u_i2c_master/rx_data[7]_i_1_n_0 |                  |                4 |              8 |         2.00 |
|  clk_IBUF_BUFG       | U_MASTER/u_i2c_master/rx_shift_reg_0     | reset_IBUF       |                2 |              8 |         4.00 |
|  clk_IBUF_BUFG       | U_MASTER/u_i2c_master/E[0]               | reset_IBUF       |                1 |              8 |         8.00 |
|  clk_IBUF_BUFG       | U_MASTER/u_i2c_master/tx_shift_reg_1     | reset_IBUF       |                1 |              8 |         8.00 |
|  clk_IBUF_BUFG       |                                          | reset_IBUF       |               15 |             46 |         3.07 |
+----------------------+------------------------------------------+------------------+------------------+----------------+--------------+


